#! /usr/local/bin/vvp
:ivl_version "11.0 (stable)" "(v11_0-132-gb2f2414f4)";
:ivl_delay_selection "TYPICAL";
:vpi_time_precision - 12;
:vpi_module "/usr/local/lib/ivl/system.vpi";
:vpi_module "/usr/local/lib/ivl/vhdl_sys.vpi";
:vpi_module "/usr/local/lib/ivl/vhdl_textio.vpi";
:vpi_module "/usr/local/lib/ivl/v2005_math.vpi";
:vpi_module "/usr/local/lib/ivl/va_math.vpi";
S_0x18cf0f0 .scope module, "alu_old" "alu_old" 2 95;
 .timescale -9 -12;
    .port_info 0 /INPUT 32 "a";
    .port_info 1 /INPUT 32 "b";
    .port_info 2 /INPUT 3 "f";
    .port_info 3 /OUTPUT 32 "y";
    .port_info 4 /OUTPUT 1 "zero";
o0x7f9825cb14c8 .functor BUFZ 32, C4<zzzzzzzzzzzzzzzzzzzzzzzzzzzzzzzz>; HiZ drive
L_0x19c8390 .functor NOT 32, o0x7f9825cb14c8, C4<00000000000000000000000000000000>, C4<00000000000000000000000000000000>, C4<00000000000000000000000000000000>;
o0x7f9825cb1498 .functor BUFZ 32, C4<zzzzzzzzzzzzzzzzzzzzzzzzzzzzzzzz>; HiZ drive
L_0x19c8790 .functor AND 32, o0x7f9825cb1498, L_0x19c8530, C4<11111111111111111111111111111111>, C4<11111111111111111111111111111111>;
L_0x19d8c90 .functor OR 32, o0x7f9825cb1498, L_0x19c8530, C4<00000000000000000000000000000000>, C4<00000000000000000000000000000000>;
v0x1995fa0_0 .net "AddOut", 31 0, L_0x19d8ac0;  1 drivers
v0x1937050_0 .net "And_res", 31 0, L_0x19c8790;  1 drivers
v0x19aa480_0 .net "BB", 31 0, L_0x19c8390;  1 drivers
v0x19aa540_0 .net "Or_res", 31 0, L_0x19d8c90;  1 drivers
v0x19aa620_0 .net *"_ivl_10", 31 0, L_0x19c8970;  1 drivers
L_0x7f9825c68018 .functor BUFT 1, C4<0000000000000000000000000000000>, C4<0>, C4<0>, C4<0>;
v0x19aa700_0 .net *"_ivl_13", 30 0, L_0x7f9825c68018;  1 drivers
v0x19aa7e0_0 .net *"_ivl_21", 0 0, L_0x19d8d00;  1 drivers
L_0x7f9825c68060 .functor BUFT 1, C4<00000000000000000000000000000001>, C4<0>, C4<0>, C4<0>;
v0x19aa8c0_0 .net/2u *"_ivl_22", 31 0, L_0x7f9825c68060;  1 drivers
L_0x7f9825c680a8 .functor BUFT 1, C4<00000000000000000000000000000000>, C4<0>, C4<0>, C4<0>;
v0x19aa9a0_0 .net/2u *"_ivl_24", 31 0, L_0x7f9825c680a8;  1 drivers
v0x19aaa80_0 .net *"_ivl_29", 1 0, L_0x19d8fe0;  1 drivers
v0x19aab60_0 .net *"_ivl_3", 0 0, L_0x19c8430;  1 drivers
L_0x7f9825c680f0 .functor BUFT 1, C4<00>, C4<0>, C4<0>, C4<0>;
v0x19aac40_0 .net/2u *"_ivl_30", 1 0, L_0x7f9825c680f0;  1 drivers
v0x19aad20_0 .net *"_ivl_32", 0 0, L_0x19d9080;  1 drivers
v0x19aade0_0 .net *"_ivl_35", 1 0, L_0x19d9220;  1 drivers
L_0x7f9825c68138 .functor BUFT 1, C4<01>, C4<0>, C4<0>, C4<0>;
v0x19aaec0_0 .net/2u *"_ivl_36", 1 0, L_0x7f9825c68138;  1 drivers
v0x19aafa0_0 .net *"_ivl_38", 0 0, L_0x19d9350;  1 drivers
v0x19ab060_0 .net *"_ivl_41", 1 0, L_0x19d94b0;  1 drivers
L_0x7f9825c68180 .functor BUFT 1, C4<10>, C4<0>, C4<0>, C4<0>;
v0x19ab140_0 .net/2u *"_ivl_42", 1 0, L_0x7f9825c68180;  1 drivers
v0x19ab220_0 .net *"_ivl_44", 0 0, L_0x19d9550;  1 drivers
v0x19ab2e0_0 .net *"_ivl_46", 31 0, L_0x19d9740;  1 drivers
v0x19ab3c0_0 .net *"_ivl_48", 31 0, L_0x19d9880;  1 drivers
L_0x7f9825c681c8 .functor BUFT 1, C4<00000000000000000000000000000000>, C4<0>, C4<0>, C4<0>;
v0x19ab4a0_0 .net/2u *"_ivl_52", 31 0, L_0x7f9825c681c8;  1 drivers
v0x19ab580_0 .net *"_ivl_6", 31 0, L_0x19c86f0;  1 drivers
v0x19ab660_0 .net *"_ivl_9", 0 0, L_0x19c8850;  1 drivers
v0x19ab740_0 .net "a", 31 0, o0x7f9825cb1498;  0 drivers
v0x19ab820_0 .net "b", 31 0, o0x7f9825cb14c8;  0 drivers
v0x19ab900_0 .net "b2", 31 0, L_0x19c8530;  1 drivers
o0x7f9825cb1528 .functor BUFZ 3, C4<zzz>; HiZ drive
v0x19ab9e0_0 .net "f", 2 0, o0x7f9825cb1528;  0 drivers
v0x19abac0_0 .net "slt_res", 31 0, L_0x19d8dd0;  1 drivers
v0x19abba0_0 .net "y", 31 0, L_0x19d9aa0;  1 drivers
v0x19abc80_0 .net "zero", 0 0, L_0x19d9c30;  1 drivers
L_0x19c8430 .part o0x7f9825cb1528, 2, 1;
L_0x19c8530 .functor MUXZ 32, o0x7f9825cb14c8, L_0x19c8390, L_0x19c8430, C4<>;
L_0x19c86f0 .arith/sum 32, o0x7f9825cb1498, L_0x19c8530;
L_0x19c8850 .part o0x7f9825cb1528, 2, 1;
L_0x19c8970 .concat [ 1 31 0 0], L_0x19c8850, L_0x7f9825c68018;
L_0x19d8ac0 .arith/sum 32, L_0x19c86f0, L_0x19c8970;
L_0x19d8d00 .part L_0x19d8ac0, 31, 1;
L_0x19d8dd0 .functor MUXZ 32, L_0x7f9825c680a8, L_0x7f9825c68060, L_0x19d8d00, C4<>;
L_0x19d8fe0 .part o0x7f9825cb1528, 0, 2;
L_0x19d9080 .cmp/eq 2, L_0x19d8fe0, L_0x7f9825c680f0;
L_0x19d9220 .part o0x7f9825cb1528, 0, 2;
L_0x19d9350 .cmp/eq 2, L_0x19d9220, L_0x7f9825c68138;
L_0x19d94b0 .part o0x7f9825cb1528, 0, 2;
L_0x19d9550 .cmp/eq 2, L_0x19d94b0, L_0x7f9825c68180;
L_0x19d9740 .functor MUXZ 32, L_0x19d8dd0, L_0x19d8ac0, L_0x19d9550, C4<>;
L_0x19d9880 .functor MUXZ 32, L_0x19d9740, L_0x19d8c90, L_0x19d9350, C4<>;
L_0x19d9aa0 .functor MUXZ 32, L_0x19d9880, L_0x19c8790, L_0x19d9080, C4<>;
L_0x19d9c30 .cmp/eq 32, L_0x19d9aa0, L_0x7f9825c681c8;
S_0x18ceeb0 .scope module, "imem_mut" "imem_mut" 3 19;
 .timescale -9 -12;
    .port_info 0 /INPUT 32 "a2";
    .port_info 1 /INPUT 64 "wd2";
    .port_info 2 /INPUT 1 "we";
    .port_info 3 /INPUT 32 "a";
    .port_info 4 /OUTPUT 64 "inst";
L_0x19d9440 .functor BUFZ 64, L_0x19d9e10, C4<0000000000000000000000000000000000000000000000000000000000000000>, C4<0000000000000000000000000000000000000000000000000000000000000000>, C4<0000000000000000000000000000000000000000000000000000000000000000>;
v0x19abe20_0 .net *"_ivl_0", 63 0, L_0x19d9e10;  1 drivers
o0x7f9825cb1708 .functor BUFZ 32, C4<zzzzzzzzzzzzzzzzzzzzzzzzzzzzzzzz>; HiZ drive
v0x19abf20_0 .net "a", 31 0, o0x7f9825cb1708;  0 drivers
o0x7f9825cb1738 .functor BUFZ 32, C4<zzzzzzzzzzzzzzzzzzzzzzzzzzzzzzzz>; HiZ drive
v0x19ac000_0 .net "a2", 31 0, o0x7f9825cb1738;  0 drivers
v0x19ac0c0_0 .net "inst", 63 0, L_0x19d9440;  1 drivers
v0x19ac1a0 .array "instructions", 0 63, 63 0;
o0x7f9825cb1798 .functor BUFZ 64, C4<zzzzzzzzzzzzzzzzzzzzzzzzzzzzzzzzzzzzzzzzzzzzzzzzzzzzzzzzzzzzzzzz>; HiZ drive
v0x19ac260_0 .net "wd2", 63 0, o0x7f9825cb1798;  0 drivers
o0x7f9825cb17c8 .functor BUFZ 1, C4<z>; HiZ drive
v0x19ac340_0 .net "we", 0 0, o0x7f9825cb17c8;  0 drivers
E_0x18e8740 .event posedge, v0x19ac340_0;
L_0x19d9e10 .array/port v0x19ac1a0, o0x7f9825cb1708;
S_0x19297f0 .scope module, "mux" "mux" 4 23;
 .timescale -9 -12;
    .port_info 0 /INPUT 64 "A";
    .port_info 1 /INPUT 64 "B";
    .port_info 2 /INPUT 64 "C";
    .port_info 3 /INPUT 64 "D";
    .port_info 4 /INPUT 64 "E";
    .port_info 5 /INPUT 64 "F";
    .port_info 6 /INPUT 64 "G";
    .port_info 7 /INPUT 64 "H";
    .port_info 8 /INPUT 3 "ctrl";
    .port_info 9 /OUTPUT 64 "Y";
o0x7f9825cb18e8 .functor BUFZ 64, C4<zzzzzzzzzzzzzzzzzzzzzzzzzzzzzzzzzzzzzzzzzzzzzzzzzzzzzzzzzzzzzzzz>; HiZ drive
v0x19ac510_0 .net "A", 63 0, o0x7f9825cb18e8;  0 drivers
o0x7f9825cb1918 .functor BUFZ 64, C4<zzzzzzzzzzzzzzzzzzzzzzzzzzzzzzzzzzzzzzzzzzzzzzzzzzzzzzzzzzzzzzzz>; HiZ drive
v0x19ac610_0 .net "B", 63 0, o0x7f9825cb1918;  0 drivers
o0x7f9825cb1948 .functor BUFZ 64, C4<zzzzzzzzzzzzzzzzzzzzzzzzzzzzzzzzzzzzzzzzzzzzzzzzzzzzzzzzzzzzzzzz>; HiZ drive
v0x19ac6f0_0 .net "C", 63 0, o0x7f9825cb1948;  0 drivers
o0x7f9825cb1978 .functor BUFZ 64, C4<zzzzzzzzzzzzzzzzzzzzzzzzzzzzzzzzzzzzzzzzzzzzzzzzzzzzzzzzzzzzzzzz>; HiZ drive
v0x19ac7b0_0 .net "D", 63 0, o0x7f9825cb1978;  0 drivers
o0x7f9825cb19a8 .functor BUFZ 64, C4<zzzzzzzzzzzzzzzzzzzzzzzzzzzzzzzzzzzzzzzzzzzzzzzzzzzzzzzzzzzzzzzz>; HiZ drive
v0x19ac890_0 .net "E", 63 0, o0x7f9825cb19a8;  0 drivers
o0x7f9825cb19d8 .functor BUFZ 64, C4<zzzzzzzzzzzzzzzzzzzzzzzzzzzzzzzzzzzzzzzzzzzzzzzzzzzzzzzzzzzzzzzz>; HiZ drive
v0x19ac9c0_0 .net "F", 63 0, o0x7f9825cb19d8;  0 drivers
o0x7f9825cb1a08 .functor BUFZ 64, C4<zzzzzzzzzzzzzzzzzzzzzzzzzzzzzzzzzzzzzzzzzzzzzzzzzzzzzzzzzzzzzzzz>; HiZ drive
v0x19acaa0_0 .net "G", 63 0, o0x7f9825cb1a08;  0 drivers
o0x7f9825cb1a38 .functor BUFZ 64, C4<zzzzzzzzzzzzzzzzzzzzzzzzzzzzzzzzzzzzzzzzzzzzzzzzzzzzzzzzzzzzzzzz>; HiZ drive
v0x19acb80_0 .net "H", 63 0, o0x7f9825cb1a38;  0 drivers
v0x19acc60_0 .var "Y", 63 0;
o0x7f9825cb1a98 .functor BUFZ 3, C4<zzz>; HiZ drive
v0x19acd40_0 .net "ctrl", 2 0, o0x7f9825cb1a98;  0 drivers
E_0x18ea9a0/0 .event edge, v0x19acd40_0, v0x19ac510_0, v0x19ac610_0, v0x19ac6f0_0;
E_0x18ea9a0/1 .event edge, v0x19ac7b0_0, v0x19ac890_0, v0x19ac9c0_0, v0x19acaa0_0;
E_0x18ea9a0/2 .event edge, v0x19acb80_0;
E_0x18ea9a0 .event/or E_0x18ea9a0/0, E_0x18ea9a0/1, E_0x18ea9a0/2;
S_0x198b810 .scope module, "testMain" "testMain" 5 1;
 .timescale 0 0;
v0x19c7f70_0 .var "activeKeyStroke", 63 0;
v0x19c8080_0 .var "clk", 0 0;
v0x19c8140_0 .var "counter", 63 0;
v0x19c81e0 .array "keystrokes", 0 63, 63 0;
v0x19c82a0_0 .var "reset", 0 0;
S_0x1992900 .scope module, "main1" "main" 5 10, 6 23 0, S_0x198b810;
 .timescale -9 -12;
    .port_info 0 /INPUT 1 "clk";
    .port_info 1 /INPUT 1 "reset";
    .port_info 2 /INPUT 64 "kbin";
L_0x7f9825c682e8 .functor BUFT 1, C4<0000000000000000000000000000000000000000000000000000000000000001>, C4<0>, C4<0>, C4<0>;
L_0x19db790 .functor AND 64, L_0x7f9825c682e8, L_0x19db6a0, C4<1111111111111111111111111111111111111111111111111111111111111111>, C4<1111111111111111111111111111111111111111111111111111111111111111>;
L_0x7f9825c68378 .functor BUFT 1, C4<0000000000000000000000000000000000000000000000000000000000000000>, C4<0>, C4<0>, C4<0>;
L_0x19db9a0 .functor OR 64, L_0x7f9825c68378, L_0x19db8a0, C4<0000000000000000000000000000000000000000000000000000000000000000>, C4<0000000000000000000000000000000000000000000000000000000000000000>;
L_0x7f9825c68408 .functor BUFT 1, C4<0000000000000000000000000000000000000000000000000000000000000001>, C4<0>, C4<0>, C4<0>;
L_0x19dbe40 .functor AND 64, L_0x7f9825c68408, L_0x19dbd50, C4<1111111111111111111111111111111111111111111111111111111111111111>, C4<1111111111111111111111111111111111111111111111111111111111111111>;
L_0x7f9825c68498 .functor BUFT 1, C4<0000000000000000000000000000000000000000000000000000000000000000>, C4<0>, C4<0>, C4<0>;
L_0x19dbce0 .functor OR 64, L_0x7f9825c68498, L_0x19dc060, C4<0000000000000000000000000000000000000000000000000000000000000000>, C4<0000000000000000000000000000000000000000000000000000000000000000>;
L_0x19f6e10 .functor NOT 1, L_0x19f63e0, C4<0>, C4<0>, C4<0>;
L_0x19f6e80 .functor AND 1, L_0x19da640, L_0x19f6e10, C4<1>, C4<1>;
v0x19c4710_0 .net "A1", 9 0, L_0x19daa90;  1 drivers
v0x19c47f0_0 .net "A2", 9 0, L_0x19dab80;  1 drivers
v0x19c48c0_0 .net "A3", 9 0, L_0x19dac20;  1 drivers
v0x19c49c0_0 .net "ALUOp", 7 0, L_0x19da1f0;  1 drivers
v0x19c4a90_0 .net "ALUOut", 63 0, L_0x19f62f0;  1 drivers
v0x19c4b80_0 .net "ALUSrcA", 63 0, L_0x19dc800;  1 drivers
v0x19c4c70_0 .net "ALUSrcAControl", 0 0, L_0x19da2e0;  1 drivers
v0x19c4d60_0 .net "ALUSrcB", 63 0, L_0x19dc930;  1 drivers
v0x19c4e70_0 .net "ALUSrcBControl", 0 0, L_0x19da3d0;  1 drivers
v0x19c4fa0_0 .net "ExtendedImmediateBig", 63 0, L_0x19dc220;  1 drivers
v0x19c5080_0 .net "ExtendedImmediateSmall", 63 0, L_0x19dba60;  1 drivers
v0x19c5160_0 .net "IMMSrcControl", 0 0, L_0x19da7c0;  1 drivers
v0x19c5200_0 .net "IMemWriteControl", 0 0, L_0x19da900;  1 drivers
v0x19c52a0_0 .net "Immediate", 63 0, L_0x19dc620;  1 drivers
v0x19c5390_0 .net "ImmediateBig", 31 0, L_0x19db3b0;  1 drivers
v0x19c5450_0 .net "ImmediateSmall", 21 0, L_0x19db2d0;  1 drivers
v0x19c5530_0 .net "Instruction", 63 0, L_0x19d9ff0;  1 drivers
v0x19c5700_0 .net "MemRead", 63 0, L_0x19f66c0;  1 drivers
v0x19c57f0_0 .net "MemWriteControl", 0 0, L_0x19da470;  1 drivers
v0x19c58e0_0 .var "PC", 63 0;
v0x19c59f0_0 .net "PCAndZero", 0 0, L_0x19f6e80;  1 drivers
v0x19c5a90_0 .net "PCNext", 63 0, L_0x19f6f30;  1 drivers
v0x19c5b30_0 .net "PCPlusOne", 63 0, L_0x19d9f50;  1 drivers
v0x19c5bd0_0 .net "PCSrcControl", 0 0, L_0x19da640;  1 drivers
v0x19c5c70_0 .net "RegRead1", 63 0, L_0x19daf80;  1 drivers
v0x19c5d60_0 .net "RegRead2", 63 0, L_0x19db1d0;  1 drivers
v0x19c5e00_0 .net "RegWriteControl", 0 0, L_0x19da5a0;  1 drivers
v0x19c5ef0_0 .net "SizedALUOp", 6 0, L_0x19dcaf0;  1 drivers
v0x19c5fb0_0 .net "WDSrcControl", 0 0, L_0x19da720;  1 drivers
v0x19c60a0_0 .net "WriteDataSource", 63 0, L_0x19f6d70;  1 drivers
L_0x7f9825c68210 .functor BUFT 1, C4<0000000000000000000000000000000000000000000000000000000000000001>, C4<0>, C4<0>, C4<0>;
v0x19c6190_0 .net/2u *"_ivl_0", 63 0, L_0x7f9825c68210;  1 drivers
v0x19c6270_0 .net *"_ivl_17", 0 0, L_0x19db560;  1 drivers
v0x19c6350_0 .net/2u *"_ivl_18", 63 0, L_0x7f9825c682e8;  1 drivers
v0x19c6640_0 .net *"_ivl_20", 63 0, L_0x19db6a0;  1 drivers
L_0x7f9825c68330 .functor BUFT 1, C4<000000000000000000000000000000000000000000>, C4<0>, C4<0>, C4<0>;
v0x19c6720_0 .net *"_ivl_23", 41 0, L_0x7f9825c68330;  1 drivers
v0x19c6800_0 .net *"_ivl_24", 63 0, L_0x19db790;  1 drivers
v0x19c68e0_0 .net/2u *"_ivl_26", 63 0, L_0x7f9825c68378;  1 drivers
v0x19c69c0_0 .net *"_ivl_28", 63 0, L_0x19db8a0;  1 drivers
L_0x7f9825c683c0 .functor BUFT 1, C4<000000000000000000000000000000000000000000>, C4<0>, C4<0>, C4<0>;
v0x19c6aa0_0 .net *"_ivl_31", 41 0, L_0x7f9825c683c0;  1 drivers
v0x19c6b80_0 .net *"_ivl_32", 63 0, L_0x19db9a0;  1 drivers
v0x19c6c60_0 .net *"_ivl_37", 0 0, L_0x19dbbf0;  1 drivers
v0x19c6d40_0 .net/2u *"_ivl_38", 63 0, L_0x7f9825c68408;  1 drivers
v0x19c6e20_0 .net *"_ivl_40", 63 0, L_0x19dbd50;  1 drivers
L_0x7f9825c68450 .functor BUFT 1, C4<00000000000000000000000000000000>, C4<0>, C4<0>, C4<0>;
v0x19c6f00_0 .net *"_ivl_43", 31 0, L_0x7f9825c68450;  1 drivers
v0x19c6fe0_0 .net *"_ivl_44", 63 0, L_0x19dbe40;  1 drivers
v0x19c70c0_0 .net/2u *"_ivl_46", 63 0, L_0x7f9825c68498;  1 drivers
v0x19c71a0_0 .net *"_ivl_48", 63 0, L_0x19dc060;  1 drivers
L_0x7f9825c684e0 .functor BUFT 1, C4<00000000000000000000000000000000>, C4<0>, C4<0>, C4<0>;
v0x19c7280_0 .net *"_ivl_51", 31 0, L_0x7f9825c684e0;  1 drivers
v0x19c7360_0 .net *"_ivl_52", 63 0, L_0x19dbce0;  1 drivers
v0x19c7440_0 .net *"_ivl_56", 63 0, L_0x19dc3b0;  1 drivers
L_0x7f9825c68528 .functor BUFT 1, C4<000000000000000000000000000000000000000000>, C4<0>, C4<0>, C4<0>;
v0x19c7520_0 .net *"_ivl_59", 41 0, L_0x7f9825c68528;  1 drivers
v0x19c7600_0 .net *"_ivl_60", 63 0, L_0x19dc530;  1 drivers
L_0x7f9825c68570 .functor BUFT 1, C4<00000000000000000000000000000000>, C4<0>, C4<0>, C4<0>;
v0x19c76e0_0 .net *"_ivl_63", 31 0, L_0x7f9825c68570;  1 drivers
L_0x7f9825c69b18 .functor BUFT 1, C4<00000000000000000000000000000001>, C4<0>, C4<0>, C4<0>;
v0x19c77c0_0 .net/2s *"_ivl_68", 31 0, L_0x7f9825c69b18;  1 drivers
L_0x7f9825c69b60 .functor BUFT 1, C4<00000000000000000000000000000001>, C4<0>, C4<0>, C4<0>;
v0x19c78a0_0 .net/2s *"_ivl_73", 31 0, L_0x7f9825c69b60;  1 drivers
v0x19c7980_0 .net "clk", 0 0, v0x19c8080_0;  1 drivers
v0x19c7a70_0 .net "empty4", 63 0, L_0x19f6820;  1 drivers
o0x7f9825cb5f68 .functor BUFZ 64, C4<zzzzzzzzzzzzzzzzzzzzzzzzzzzzzzzzzzzzzzzzzzzzzzzzzzzzzzzzzzzzzzzz>; HiZ drive
v0x19c7b30_0 .net "empty5", 63 0, o0x7f9825cb5f68;  0 drivers
v0x19c7bd0_0 .net "empty6", 63 0, L_0x19f6a20;  1 drivers
v0x19c7c70_0 .net "kbin", 63 0, v0x19c7f70_0;  1 drivers
v0x19c7d10_0 .net "notzero", 0 0, L_0x19f6e10;  1 drivers
v0x19c7db0_0 .net "reset", 0 0, v0x19c82a0_0;  1 drivers
v0x19c7e70_0 .net "zero", 0 0, L_0x19f63e0;  1 drivers
E_0x18e8ba0 .event posedge, v0x19c7db0_0;
L_0x19d9f50 .arith/sum 64, v0x19c58e0_0, L_0x7f9825c68210;
L_0x19da9f0 .part L_0x19d9ff0, 0, 12;
L_0x19daa90 .part L_0x19d9ff0, 22, 10;
L_0x19dab80 .part L_0x19d9ff0, 32, 10;
L_0x19dac20 .part L_0x19d9ff0, 12, 10;
L_0x19db2d0 .part L_0x19d9ff0, 42, 22;
L_0x19db3b0 .part L_0x19d9ff0, 32, 32;
L_0x19db560 .part L_0x19db2d0, 21, 1;
L_0x19db6a0 .concat [ 22 42 0 0], L_0x19db2d0, L_0x7f9825c68330;
L_0x19db8a0 .concat [ 22 42 0 0], L_0x19db2d0, L_0x7f9825c683c0;
L_0x19dba60 .functor MUXZ 64, L_0x19db9a0, L_0x19db790, L_0x19db560, C4<>;
L_0x19dbbf0 .part L_0x19db3b0, 31, 1;
L_0x19dbd50 .concat [ 32 32 0 0], L_0x19db3b0, L_0x7f9825c68450;
L_0x19dc060 .concat [ 32 32 0 0], L_0x19db3b0, L_0x7f9825c684e0;
L_0x19dc220 .functor MUXZ 64, L_0x19dbce0, L_0x19dbe40, L_0x19dbbf0, C4<>;
L_0x19dc3b0 .concat [ 22 42 0 0], L_0x19db2d0, L_0x7f9825c68528;
L_0x19dc530 .concat [ 32 32 0 0], L_0x19db3b0, L_0x7f9825c68570;
L_0x19dc620 .functor MUXZ 64, L_0x19dc530, L_0x19dc3b0, L_0x19da7c0, C4<>;
L_0x19dcaf0 .part L_0x19da1f0, 0, 7;
L_0x19f6b30 .extend/s 64, L_0x7f9825c69b18;
L_0x19dc6c0 .part L_0x7f9825c69b60, 0, 1;
S_0x192c0c0 .scope module, "ALUSrcAMux" "mux2" 6 76, 4 51 0, S_0x1992900;
 .timescale -9 -12;
    .port_info 0 /INPUT 64 "A";
    .port_info 1 /INPUT 64 "B";
    .port_info 2 /INPUT 1 "ctrl";
    .port_info 3 /OUTPUT 64 "Y";
v0x19ad0a0_0 .net "A", 63 0, L_0x19daf80;  alias, 1 drivers
v0x19ad1a0_0 .net "B", 63 0, v0x19c58e0_0;  1 drivers
v0x19ad280_0 .net "Y", 63 0, L_0x19dc800;  alias, 1 drivers
v0x19ad340_0 .net "ctrl", 0 0, L_0x19da2e0;  alias, 1 drivers
L_0x19dc800 .functor MUXZ 64, L_0x19daf80, v0x19c58e0_0, L_0x19da2e0, C4<>;
S_0x1934fc0 .scope module, "ALUSrcBMux" "mux2" 6 77, 4 51 0, S_0x1992900;
 .timescale -9 -12;
    .port_info 0 /INPUT 64 "A";
    .port_info 1 /INPUT 64 "B";
    .port_info 2 /INPUT 1 "ctrl";
    .port_info 3 /OUTPUT 64 "Y";
v0x19ad520_0 .net "A", 63 0, L_0x19db1d0;  alias, 1 drivers
v0x19ad600_0 .net "B", 63 0, L_0x19dc620;  alias, 1 drivers
v0x19ad6e0_0 .net "Y", 63 0, L_0x19dc930;  alias, 1 drivers
v0x19ad7d0_0 .net "ctrl", 0 0, L_0x19da3d0;  alias, 1 drivers
L_0x19dc930 .functor MUXZ 64, L_0x19db1d0, L_0x19dc620, L_0x19da3d0, C4<>;
S_0x1933790 .scope module, "alu1" "alu" 6 83, 2 22 0, S_0x1992900;
 .timescale -9 -12;
    .port_info 0 /INPUT 64 "a";
    .port_info 1 /INPUT 64 "b";
    .port_info 2 /INPUT 7 "f";
    .port_info 3 /OUTPUT 64 "y";
    .port_info 4 /OUTPUT 1 "zero";
L_0x19dcc30 .functor NOT 64, L_0x19dc800, C4<0000000000000000000000000000000000000000000000000000000000000000>, C4<0000000000000000000000000000000000000000000000000000000000000000>, C4<0000000000000000000000000000000000000000000000000000000000000000>;
L_0x19dcf00 .functor NOT 64, L_0x19dc930, C4<0000000000000000000000000000000000000000000000000000000000000000>, C4<0000000000000000000000000000000000000000000000000000000000000000>, C4<0000000000000000000000000000000000000000000000000000000000000000>;
L_0x19dd0a0 .functor AND 64, L_0x19dcd30, L_0x19dd000, C4<1111111111111111111111111111111111111111111111111111111111111111>, C4<1111111111111111111111111111111111111111111111111111111111111111>;
L_0x19dd110 .functor OR 64, L_0x19dcd30, L_0x19dd000, C4<0000000000000000000000000000000000000000000000000000000000000000>, C4<0000000000000000000000000000000000000000000000000000000000000000>;
L_0x19dd180 .functor XOR 64, L_0x19dcd30, L_0x19dd000, C4<0000000000000000000000000000000000000000000000000000000000000000>, C4<0000000000000000000000000000000000000000000000000000000000000000>;
L_0x19dd530 .functor OR 65, L_0x19dd730, L_0x19dd970, C4<00000000000000000000000000000000000000000000000000000000000000000>, C4<00000000000000000000000000000000000000000000000000000000000000000>;
L_0x19f5450 .functor NOT 64, L_0x19dd180, C4<0000000000000000000000000000000000000000000000000000000000000000>, C4<0000000000000000000000000000000000000000000000000000000000000000>, C4<0000000000000000000000000000000000000000000000000000000000000000>;
L_0x19f5510 .functor AND 64, L_0x19f50e0, L_0x19de500, C4<1111111111111111111111111111111111111111111111111111111111111111>, C4<1111111111111111111111111111111111111111111111111111111111111111>;
L_0x19f5620 .functor NOT 64, L_0x19f5510, C4<0000000000000000000000000000000000000000000000000000000000000000>, C4<0000000000000000000000000000000000000000000000000000000000000000>, C4<0000000000000000000000000000000000000000000000000000000000000000>;
L_0x19f6220 .functor NOT 64, v0x19bfc10_0, C4<0000000000000000000000000000000000000000000000000000000000000000>, C4<0000000000000000000000000000000000000000000000000000000000000000>, C4<0000000000000000000000000000000000000000000000000000000000000000>;
v0x19b5410_0 .net "_and", 63 0, L_0x19dd0a0;  1 drivers
v0x19b54f0_0 .net "_carry", 64 0, L_0x19ddf70;  1 drivers
v0x19b55d0_0 .net *"_ivl_1", 0 0, L_0x19dcb90;  1 drivers
v0x19b5690_0 .net *"_ivl_18", 64 0, L_0x19dd310;  1 drivers
v0x19b5770_0 .net *"_ivl_2", 63 0, L_0x19dcc30;  1 drivers
L_0x7f9825c685b8 .functor BUFT 1, C4<0>, C4<0>, C4<0>, C4<0>;
v0x19b5850_0 .net *"_ivl_21", 0 0, L_0x7f9825c685b8;  1 drivers
v0x19b5930_0 .net *"_ivl_22", 64 0, L_0x19dd3b0;  1 drivers
L_0x7f9825c68600 .functor BUFT 1, C4<0>, C4<0>, C4<0>, C4<0>;
v0x19bdab0_0 .net *"_ivl_25", 0 0, L_0x7f9825c68600;  1 drivers
v0x19bdb50_0 .net *"_ivl_26", 64 0, L_0x19dd490;  1 drivers
v0x19bdbf0_0 .net *"_ivl_29", 0 0, L_0x19dd640;  1 drivers
v0x19bdcd0_0 .net *"_ivl_30", 64 0, L_0x19dd730;  1 drivers
L_0x7f9825c68648 .functor BUFT 1, C4<0000000000000000000000000000000000000000000000000000000000000000>, C4<0>, C4<0>, C4<0>;
v0x19bddb0_0 .net *"_ivl_33", 63 0, L_0x7f9825c68648;  1 drivers
v0x19bde90_0 .net *"_ivl_35", 0 0, L_0x19dd870;  1 drivers
v0x19bdf70_0 .net *"_ivl_36", 64 0, L_0x19dd970;  1 drivers
L_0x7f9825c68690 .functor BUFT 1, C4<0000000000000000000000000000000000000000000000000000000000000000>, C4<0>, C4<0>, C4<0>;
v0x19be050_0 .net *"_ivl_39", 63 0, L_0x7f9825c68690;  1 drivers
v0x19be130_0 .net *"_ivl_40", 64 0, L_0x19dd530;  1 drivers
v0x19be210_0 .net *"_ivl_47", 0 0, L_0x19dde50;  1 drivers
L_0x7f9825c686d8 .functor BUFT 1, C4<0000000000000000000000000000000000000000000000000000000000000000>, C4<0>, C4<0>, C4<0>;
v0x19be2f0_0 .net *"_ivl_51", 63 0, L_0x7f9825c686d8;  1 drivers
v0x19be3d0_0 .net *"_ivl_53", 0 0, L_0x19de0b0;  1 drivers
v0x19be4b0_0 .net *"_ivl_54", 63 0, L_0x19de230;  1 drivers
L_0x7f9825c68720 .functor BUFT 1, C4<000000000000000000000000000000000000000000000000000000000000000>, C4<0>, C4<0>, C4<0>;
v0x19be590_0 .net *"_ivl_57", 62 0, L_0x7f9825c68720;  1 drivers
v0x19be670_0 .net *"_ivl_60", 0 0, L_0x19de370;  1 drivers
L_0x7f9825c68768 .functor BUFT 1, C4<000000000000000000000000000000000000000000000000000000000000000>, C4<0>, C4<0>, C4<0>;
v0x19be750_0 .net *"_ivl_62", 62 0, L_0x7f9825c68768;  1 drivers
v0x19be830_0 .net *"_ivl_66", 63 0, L_0x19f5510;  1 drivers
v0x19be910_0 .net *"_ivl_68", 63 0, L_0x19f5620;  1 drivers
v0x19be9f0_0 .net *"_ivl_7", 0 0, L_0x19dcdd0;  1 drivers
v0x19bead0_0 .net *"_ivl_72", 0 0, L_0x19f56e0;  1 drivers
L_0x7f9825c699f8 .functor BUFT 1, C4<000000000000000000000000000000000000000000000000000000000000000>, C4<0>, C4<0>, C4<0>;
v0x19bebb0_0 .net *"_ivl_74", 62 0, L_0x7f9825c699f8;  1 drivers
v0x19bec90_0 .net *"_ivl_78", 127 0, L_0x19f5a80;  1 drivers
v0x19bed70_0 .net *"_ivl_8", 63 0, L_0x19dcf00;  1 drivers
L_0x7f9825c69a40 .functor BUFT 1, C4<0000000000000000000000000000000000000000000000000000000000000000>, C4<0>, C4<0>, C4<0>;
v0x19bee50_0 .net *"_ivl_81", 63 0, L_0x7f9825c69a40;  1 drivers
v0x19bef30_0 .net *"_ivl_82", 127 0, L_0x19f5b70;  1 drivers
L_0x7f9825c69a88 .functor BUFT 1, C4<0000000000000000000000000000000000000000000000000000000000000000>, C4<0>, C4<0>, C4<0>;
v0x19bf010_0 .net *"_ivl_85", 63 0, L_0x7f9825c69a88;  1 drivers
v0x19bf0f0_0 .net *"_ivl_93", 0 0, L_0x19f6090;  1 drivers
v0x19bf1d0_0 .net *"_ivl_94", 63 0, L_0x19f6220;  1 drivers
L_0x7f9825c69ad0 .functor BUFT 1, C4<0000000000000000000000000000000000000000000000000000000000000000>, C4<0>, C4<0>, C4<0>;
v0x19bf2b0_0 .net/2u *"_ivl_98", 63 0, L_0x7f9825c69ad0;  1 drivers
v0x19bf390_0 .net "_lshift", 63 0, L_0x19f5e70;  1 drivers
v0x19bf470_0 .net "_mul", 63 0, L_0x19f5920;  1 drivers
v0x19bf550_0 .net "_mul_carry", 127 0, L_0x19f5d30;  1 drivers
v0x19bf630_0 .net "_or", 63 0, L_0x19dd110;  1 drivers
v0x19bf710_0 .net "_rshift", 63 0, L_0x19f5ff0;  1 drivers
v0x19bf7f0_0 .net "_seq", 63 0, L_0x19f50e0;  1 drivers
v0x19bf8b0_0 .net "_sgt", 63 0, L_0x19de460;  1 drivers
v0x19bf970_0 .net "_slt", 63 0, L_0x19de500;  1 drivers
v0x19bfa50_0 .net "_sum", 63 0, L_0x19ddd60;  1 drivers
v0x19bfb30_0 .net "_xor", 63 0, L_0x19dd180;  1 drivers
v0x19bfc10_0 .var "_y", 63 0;
v0x19bfcf0_0 .net "a", 63 0, L_0x19dc800;  alias, 1 drivers
v0x19bfde0_0 .net "aa", 63 0, L_0x19dcd30;  1 drivers
v0x19bfea0_0 .net "b", 63 0, L_0x19dc930;  alias, 1 drivers
v0x19bff90_0 .net "bb", 63 0, L_0x19dd000;  1 drivers
v0x19c0050_0 .net "f", 6 0, L_0x19dcaf0;  alias, 1 drivers
v0x19c0130_0 .net "true_sum", 64 0, L_0x19ddb40;  1 drivers
v0x19c0210_0 .net "y", 63 0, L_0x19f62f0;  alias, 1 drivers
v0x19c02f0_0 .net "zero", 0 0, L_0x19f63e0;  alias, 1 drivers
E_0x18e8df0/0 .event edge, v0x19c0050_0, v0x19b5410_0, v0x19bf630_0, v0x19bfb30_0;
E_0x18e8df0/1 .event edge, v0x19bfa50_0, v0x19bf970_0, v0x19bf8b0_0, v0x19b52d0_0;
E_0x18e8df0/2 .event edge, v0x19b54f0_0, v0x19bf470_0, v0x19bf550_0, v0x19bf390_0;
E_0x18e8df0/3 .event edge, v0x19bf710_0;
E_0x18e8df0 .event/or E_0x18e8df0/0, E_0x18e8df0/1, E_0x18e8df0/2, E_0x18e8df0/3;
L_0x19dcb90 .part L_0x19dcaf0, 6, 1;
L_0x19dcd30 .functor MUXZ 64, L_0x19dc800, L_0x19dcc30, L_0x19dcb90, C4<>;
L_0x19dcdd0 .part L_0x19dcaf0, 5, 1;
L_0x19dd000 .functor MUXZ 64, L_0x19dc930, L_0x19dcf00, L_0x19dcdd0, C4<>;
L_0x19dd310 .concat [ 64 1 0 0], L_0x19dcd30, L_0x7f9825c685b8;
L_0x19dd3b0 .concat [ 64 1 0 0], L_0x19dd000, L_0x7f9825c68600;
L_0x19dd490 .arith/sum 65, L_0x19dd310, L_0x19dd3b0;
L_0x19dd640 .part L_0x19dcaf0, 6, 1;
L_0x19dd730 .concat [ 1 64 0 0], L_0x19dd640, L_0x7f9825c68648;
L_0x19dd870 .part L_0x19dcaf0, 5, 1;
L_0x19dd970 .concat [ 1 64 0 0], L_0x19dd870, L_0x7f9825c68690;
L_0x19ddb40 .arith/sum 65, L_0x19dd490, L_0x19dd530;
L_0x19ddd60 .part L_0x19ddb40, 0, 64;
L_0x19dde50 .part L_0x19ddb40, 64, 1;
L_0x19ddf70 .concat [ 1 64 0 0], L_0x19dde50, L_0x7f9825c686d8;
L_0x19de0b0 .part L_0x19ddd60, 63, 1;
L_0x19de230 .concat [ 1 63 0 0], L_0x19de0b0, L_0x7f9825c68720;
L_0x19de370 .part L_0x19de230, 63, 1;
L_0x19de500 .concat [ 1 63 0 0], L_0x19de370, L_0x7f9825c68768;
L_0x19f56e0 .part L_0x19f5620, 63, 1;
L_0x19de460 .concat [ 1 63 0 0], L_0x19f56e0, L_0x7f9825c699f8;
L_0x19f5920 .arith/mult 64, L_0x19dcd30, L_0x19dd000;
L_0x19f5a80 .concat [ 64 64 0 0], L_0x19dcd30, L_0x7f9825c69a40;
L_0x19f5b70 .concat [ 64 64 0 0], L_0x19dd000, L_0x7f9825c69a88;
L_0x19f5d30 .arith/mult 128, L_0x19f5a80, L_0x19f5b70;
L_0x19f5e70 .shift/l 64, L_0x19dcd30, L_0x19dd000;
L_0x19f5ff0 .shift/r 64, L_0x19dcd30, L_0x19dd000;
L_0x19f6090 .part L_0x19dcaf0, 0, 1;
L_0x19f62f0 .functor MUXZ 64, v0x19bfc10_0, L_0x19f6220, L_0x19f6090, C4<>;
L_0x19f63e0 .cmp/eq 64, L_0x19f62f0, L_0x7f9825c69ad0;
S_0x19ada30 .scope module, "and_64_bit1" "and_64_bit" 2 50, 2 85 0, S_0x1933790;
 .timescale -9 -12;
    .port_info 0 /INPUT 64 "A";
    .port_info 1 /OUTPUT 64 "y";
L_0x19ddcf0 .functor AND 64, L_0x19de6e0, L_0x19de910, C4<1111111111111111111111111111111111111111111111111111111111111111>, C4<1111111111111111111111111111111111111111111111111111111111111111>;
L_0x19ddbe0 .functor AND 64, L_0x19ddcf0, L_0x19deb90, C4<1111111111111111111111111111111111111111111111111111111111111111>, C4<1111111111111111111111111111111111111111111111111111111111111111>;
L_0x19def90 .functor AND 64, L_0x19ddbe0, L_0x19dee50, C4<1111111111111111111111111111111111111111111111111111111111111111>, C4<1111111111111111111111111111111111111111111111111111111111111111>;
L_0x19df4a0 .functor AND 64, L_0x19def90, L_0x19df140, C4<1111111111111111111111111111111111111111111111111111111111111111>, C4<1111111111111111111111111111111111111111111111111111111111111111>;
L_0x19df830 .functor AND 64, L_0x19df4a0, L_0x19df680, C4<1111111111111111111111111111111111111111111111111111111111111111>, C4<1111111111111111111111111111111111111111111111111111111111111111>;
L_0x19df770 .functor AND 64, L_0x19df830, L_0x19df9e0, C4<1111111111111111111111111111111111111111111111111111111111111111>, C4<1111111111111111111111111111111111111111111111111111111111111111>;
L_0x19dfe70 .functor AND 64, L_0x19df770, L_0x19dfca0, C4<1111111111111111111111111111111111111111111111111111111111111111>, C4<1111111111111111111111111111111111111111111111111111111111111111>;
L_0x19e0200 .functor AND 64, L_0x19dfe70, L_0x19e0020, C4<1111111111111111111111111111111111111111111111111111111111111111>, C4<1111111111111111111111111111111111111111111111111111111111111111>;
L_0x19e05f0 .functor AND 64, L_0x19e0200, L_0x19e0400, C4<1111111111111111111111111111111111111111111111111111111111111111>, C4<1111111111111111111111111111111111111111111111111111111111111111>;
L_0x19e0900 .functor AND 64, L_0x19e05f0, L_0x19e0700, C4<1111111111111111111111111111111111111111111111111111111111111111>, C4<1111111111111111111111111111111111111111111111111111111111111111>;
L_0x19e0cd0 .functor AND 64, L_0x19e0900, L_0x19e0b10, C4<1111111111111111111111111111111111111111111111111111111111111111>, C4<1111111111111111111111111111111111111111111111111111111111111111>;
L_0x19e10a0 .functor AND 64, L_0x19e0cd0, L_0x19e0e80, C4<1111111111111111111111111111111111111111111111111111111111111111>, C4<1111111111111111111111111111111111111111111111111111111111111111>;
L_0x19e14f0 .functor AND 64, L_0x19e10a0, L_0x19e12c0, C4<1111111111111111111111111111111111111111111111111111111111111111>, C4<1111111111111111111111111111111111111111111111111111111111111111>;
L_0x19e18e0 .functor AND 64, L_0x19e14f0, L_0x19e16a0, C4<1111111111111111111111111111111111111111111111111111111111111111>, C4<1111111111111111111111111111111111111111111111111111111111111111>;
L_0x19e11b0 .functor AND 64, L_0x19e18e0, L_0x19e1ca0, C4<1111111111111111111111111111111111111111111111111111111111111111>, C4<1111111111111111111111111111111111111111111111111111111111111111>;
L_0x19e2290 .functor AND 64, L_0x19e11b0, L_0x19e2030, C4<1111111111111111111111111111111111111111111111111111111111111111>, C4<1111111111111111111111111111111111111111111111111111111111111111>;
L_0x19e2170 .functor AND 64, L_0x19e2290, L_0x19e24d0, C4<1111111111111111111111111111111111111111111111111111111111111111>, C4<1111111111111111111111111111111111111111111111111111111111111111>;
L_0x19e2a60 .functor AND 64, L_0x19e2170, L_0x19e27e0, C4<1111111111111111111111111111111111111111111111111111111111111111>, C4<1111111111111111111111111111111111111111111111111111111111111111>;
L_0x19e2f40 .functor AND 64, L_0x19e2a60, L_0x19e2cb0, C4<1111111111111111111111111111111111111111111111111111111111111111>, C4<1111111111111111111111111111111111111111111111111111111111111111>;
L_0x19e3390 .functor AND 64, L_0x19e2f40, L_0x19e30f0, C4<1111111111111111111111111111111111111111111111111111111111111111>, C4<1111111111111111111111111111111111111111111111111111111111111111>;
L_0x19e3800 .functor AND 64, L_0x19e3390, L_0x19e3550, C4<1111111111111111111111111111111111111111111111111111111111111111>, C4<1111111111111111111111111111111111111111111111111111111111111111>;
L_0x19e3c70 .functor AND 64, L_0x19e3800, L_0x19e39b0, C4<1111111111111111111111111111111111111111111111111111111111111111>, C4<1111111111111111111111111111111111111111111111111111111111111111>;
L_0x19e41b0 .functor AND 64, L_0x19e3c70, L_0x19e3ee0, C4<1111111111111111111111111111111111111111111111111111111111111111>, C4<1111111111111111111111111111111111111111111111111111111111111111>;
L_0x19e4640 .functor AND 64, L_0x19e41b0, L_0x19e4360, C4<1111111111111111111111111111111111111111111111111111111111111111>, C4<1111111111111111111111111111111111111111111111111111111111111111>;
L_0x19e4bb0 .functor AND 64, L_0x19e4640, L_0x19e48c0, C4<1111111111111111111111111111111111111111111111111111111111111111>, C4<1111111111111111111111111111111111111111111111111111111111111111>;
L_0x19e5060 .functor AND 64, L_0x19e4bb0, L_0x19e4d60, C4<1111111111111111111111111111111111111111111111111111111111111111>, C4<1111111111111111111111111111111111111111111111111111111111111111>;
L_0x19e5600 .functor AND 64, L_0x19e5060, L_0x19e52f0, C4<1111111111111111111111111111111111111111111111111111111111111111>, C4<1111111111111111111111111111111111111111111111111111111111111111>;
L_0x19e5ad0 .functor AND 64, L_0x19e5600, L_0x19e57b0, C4<1111111111111111111111111111111111111111111111111111111111111111>, C4<1111111111111111111111111111111111111111111111111111111111111111>;
L_0x19e60a0 .functor AND 64, L_0x19e5ad0, L_0x19e5d70, C4<1111111111111111111111111111111111111111111111111111111111111111>, C4<1111111111111111111111111111111111111111111111111111111111111111>;
L_0x19e6590 .functor AND 64, L_0x19e60a0, L_0x19e6250, C4<1111111111111111111111111111111111111111111111111111111111111111>, C4<1111111111111111111111111111111111111111111111111111111111111111>;
L_0x19e6b90 .functor AND 64, L_0x19e6590, L_0x19e6840, C4<1111111111111111111111111111111111111111111111111111111111111111>, C4<1111111111111111111111111111111111111111111111111111111111111111>;
L_0x19e70a0 .functor AND 64, L_0x19e6b90, L_0x19e6d40, C4<1111111111111111111111111111111111111111111111111111111111111111>, C4<1111111111111111111111111111111111111111111111111111111111111111>;
L_0x19e76d0 .functor AND 64, L_0x19e70a0, L_0x19e7360, C4<1111111111111111111111111111111111111111111111111111111111111111>, C4<1111111111111111111111111111111111111111111111111111111111111111>;
L_0x19e7c00 .functor AND 64, L_0x19e76d0, L_0x19e7880, C4<1111111111111111111111111111111111111111111111111111111111111111>, C4<1111111111111111111111111111111111111111111111111111111111111111>;
L_0x19e8260 .functor AND 64, L_0x19e7c00, L_0x19e7ed0, C4<1111111111111111111111111111111111111111111111111111111111111111>, C4<1111111111111111111111111111111111111111111111111111111111111111>;
L_0x19ddef0 .functor AND 64, L_0x19e8260, L_0x19e8410, C4<1111111111111111111111111111111111111111111111111111111111111111>, C4<1111111111111111111111111111111111111111111111111111111111111111>;
L_0x19e90f0 .functor AND 64, L_0x19ddef0, L_0x19e8d90, C4<1111111111111111111111111111111111111111111111111111111111111111>, C4<1111111111111111111111111111111111111111111111111111111111111111>;
L_0x19e9660 .functor AND 64, L_0x19e90f0, L_0x19e92a0, C4<1111111111111111111111111111111111111111111111111111111111111111>, C4<1111111111111111111111111111111111111111111111111111111111111111>;
L_0x19e9d20 .functor AND 64, L_0x19e9660, L_0x19e9950, C4<1111111111111111111111111111111111111111111111111111111111111111>, C4<1111111111111111111111111111111111111111111111111111111111111111>;
L_0x19ea2b0 .functor AND 64, L_0x19e9d20, L_0x19e9ed0, C4<1111111111111111111111111111111111111111111111111111111111111111>, C4<1111111111111111111111111111111111111111111111111111111111111111>;
L_0x19ea9a0 .functor AND 64, L_0x19ea2b0, L_0x19ea5b0, C4<1111111111111111111111111111111111111111111111111111111111111111>, C4<1111111111111111111111111111111111111111111111111111111111111111>;
L_0x19eaf50 .functor AND 64, L_0x19ea9a0, L_0x19eab50, C4<1111111111111111111111111111111111111111111111111111111111111111>, C4<1111111111111111111111111111111111111111111111111111111111111111>;
L_0x19eb670 .functor AND 64, L_0x19eaf50, L_0x19eb260, C4<1111111111111111111111111111111111111111111111111111111111111111>, C4<1111111111111111111111111111111111111111111111111111111111111111>;
L_0x19ebc40 .functor AND 64, L_0x19eb670, L_0x19eb820, C4<1111111111111111111111111111111111111111111111111111111111111111>, C4<1111111111111111111111111111111111111111111111111111111111111111>;
L_0x19ec390 .functor AND 64, L_0x19ebc40, L_0x19ebf60, C4<1111111111111111111111111111111111111111111111111111111111111111>, C4<1111111111111111111111111111111111111111111111111111111111111111>;
L_0x19ec980 .functor AND 64, L_0x19ec390, L_0x19ec540, C4<1111111111111111111111111111111111111111111111111111111111111111>, C4<1111111111111111111111111111111111111111111111111111111111111111>;
L_0x19ed100 .functor AND 64, L_0x19ec980, L_0x19eccb0, C4<1111111111111111111111111111111111111111111111111111111111111111>, C4<1111111111111111111111111111111111111111111111111111111111111111>;
L_0x19ed710 .functor AND 64, L_0x19ed100, L_0x19ed2b0, C4<1111111111111111111111111111111111111111111111111111111111111111>, C4<1111111111111111111111111111111111111111111111111111111111111111>;
L_0x19edec0 .functor AND 64, L_0x19ed710, L_0x19eda50, C4<1111111111111111111111111111111111111111111111111111111111111111>, C4<1111111111111111111111111111111111111111111111111111111111111111>;
L_0x19ee4f0 .functor AND 64, L_0x19edec0, L_0x19ee070, C4<1111111111111111111111111111111111111111111111111111111111111111>, C4<1111111111111111111111111111111111111111111111111111111111111111>;
L_0x19eecd0 .functor AND 64, L_0x19ee4f0, L_0x19ee840, C4<1111111111111111111111111111111111111111111111111111111111111111>, C4<1111111111111111111111111111111111111111111111111111111111111111>;
L_0x19ef320 .functor AND 64, L_0x19eecd0, L_0x19eee80, C4<1111111111111111111111111111111111111111111111111111111111111111>, C4<1111111111111111111111111111111111111111111111111111111111111111>;
L_0x19efb30 .functor AND 64, L_0x19ef320, L_0x19ef680, C4<1111111111111111111111111111111111111111111111111111111111111111>, C4<1111111111111111111111111111111111111111111111111111111111111111>;
L_0x19f01a0 .functor AND 64, L_0x19efb30, L_0x19efce0, C4<1111111111111111111111111111111111111111111111111111111111111111>, C4<1111111111111111111111111111111111111111111111111111111111111111>;
L_0x19f09e0 .functor AND 64, L_0x19f01a0, L_0x19f0510, C4<1111111111111111111111111111111111111111111111111111111111111111>, C4<1111111111111111111111111111111111111111111111111111111111111111>;
L_0x19f1070 .functor AND 64, L_0x19f09e0, L_0x19f0b90, C4<1111111111111111111111111111111111111111111111111111111111111111>, C4<1111111111111111111111111111111111111111111111111111111111111111>;
L_0x19f18e0 .functor AND 64, L_0x19f1070, L_0x19f13f0, C4<1111111111111111111111111111111111111111111111111111111111111111>, C4<1111111111111111111111111111111111111111111111111111111111111111>;
L_0x19f1f90 .functor AND 64, L_0x19f18e0, L_0x19f1a90, C4<1111111111111111111111111111111111111111111111111111111111111111>, C4<1111111111111111111111111111111111111111111111111111111111111111>;
L_0x19f2830 .functor AND 64, L_0x19f1f90, L_0x19f2320, C4<1111111111111111111111111111111111111111111111111111111111111111>, C4<1111111111111111111111111111111111111111111111111111111111111111>;
L_0x19f2f00 .functor AND 64, L_0x19f2830, L_0x19f29e0, C4<1111111111111111111111111111111111111111111111111111111111111111>, C4<1111111111111111111111111111111111111111111111111111111111111111>;
L_0x19f37d0 .functor AND 64, L_0x19f2f00, L_0x19f32a0, C4<1111111111111111111111111111111111111111111111111111111111111111>, C4<1111111111111111111111111111111111111111111111111111111111111111>;
L_0x19f3ec0 .functor AND 64, L_0x19f37d0, L_0x19f3980, C4<1111111111111111111111111111111111111111111111111111111111111111>, C4<1111111111111111111111111111111111111111111111111111111111111111>;
L_0x19f4fd0 .functor AND 64, L_0x19f3ec0, L_0x19f4a80, C4<1111111111111111111111111111111111111111111111111111111111111111>, C4<1111111111111111111111111111111111111111111111111111111111111111>;
L_0x7f9825c687b0 .functor BUFT 1, C4<0000000000000000000000000000000000000000000000000000000000000000>, C4<0>, C4<0>, C4<0>;
L_0x19f50e0 .functor OR 64, L_0x7f9825c687b0, L_0x19f4fd0, C4<0000000000000000000000000000000000000000000000000000000000000000>, C4<0000000000000000000000000000000000000000000000000000000000000000>;
v0x19adc50_0 .net "A", 63 0, L_0x19f5450;  1 drivers
v0x19add50_0 .net/2u *"_ivl_0", 63 0, L_0x7f9825c687b0;  1 drivers
v0x19ade30_0 .net *"_ivl_10", 63 0, L_0x19de910;  1 drivers
L_0x7f9825c68b58 .functor BUFT 1, C4<000000000000000000000000000000000000000000000000000000000000000>, C4<0>, C4<0>, C4<0>;
v0x19adf20_0 .net *"_ivl_101", 62 0, L_0x7f9825c68b58;  1 drivers
v0x19ae000_0 .net *"_ivl_102", 63 0, L_0x19e10a0;  1 drivers
v0x19ae130_0 .net *"_ivl_105", 0 0, L_0x19e1220;  1 drivers
v0x19ae210_0 .net *"_ivl_106", 63 0, L_0x19e12c0;  1 drivers
L_0x7f9825c68ba0 .functor BUFT 1, C4<000000000000000000000000000000000000000000000000000000000000000>, C4<0>, C4<0>, C4<0>;
v0x19ae2f0_0 .net *"_ivl_109", 62 0, L_0x7f9825c68ba0;  1 drivers
v0x19ae3d0_0 .net *"_ivl_110", 63 0, L_0x19e14f0;  1 drivers
v0x19ae4b0_0 .net *"_ivl_113", 0 0, L_0x19e1600;  1 drivers
v0x19ae590_0 .net *"_ivl_114", 63 0, L_0x19e16a0;  1 drivers
L_0x7f9825c68be8 .functor BUFT 1, C4<000000000000000000000000000000000000000000000000000000000000000>, C4<0>, C4<0>, C4<0>;
v0x19ae670_0 .net *"_ivl_117", 62 0, L_0x7f9825c68be8;  1 drivers
v0x19ae750_0 .net *"_ivl_118", 63 0, L_0x19e18e0;  1 drivers
v0x19ae830_0 .net *"_ivl_121", 0 0, L_0x19e19f0;  1 drivers
v0x19ae910_0 .net *"_ivl_122", 63 0, L_0x19e1ca0;  1 drivers
L_0x7f9825c68c30 .functor BUFT 1, C4<000000000000000000000000000000000000000000000000000000000000000>, C4<0>, C4<0>, C4<0>;
v0x19ae9f0_0 .net *"_ivl_125", 62 0, L_0x7f9825c68c30;  1 drivers
v0x19aead0_0 .net *"_ivl_126", 63 0, L_0x19e11b0;  1 drivers
v0x19aecc0_0 .net *"_ivl_129", 0 0, L_0x19e1f90;  1 drivers
L_0x7f9825c68840 .functor BUFT 1, C4<000000000000000000000000000000000000000000000000000000000000000>, C4<0>, C4<0>, C4<0>;
v0x19aeda0_0 .net *"_ivl_13", 62 0, L_0x7f9825c68840;  1 drivers
v0x19aee80_0 .net *"_ivl_130", 63 0, L_0x19e2030;  1 drivers
L_0x7f9825c68c78 .functor BUFT 1, C4<000000000000000000000000000000000000000000000000000000000000000>, C4<0>, C4<0>, C4<0>;
v0x19aef60_0 .net *"_ivl_133", 62 0, L_0x7f9825c68c78;  1 drivers
v0x19af040_0 .net *"_ivl_134", 63 0, L_0x19e2290;  1 drivers
v0x19af120_0 .net *"_ivl_137", 0 0, L_0x19e2430;  1 drivers
v0x19af200_0 .net *"_ivl_138", 63 0, L_0x19e24d0;  1 drivers
v0x19af2e0_0 .net *"_ivl_14", 63 0, L_0x19ddcf0;  1 drivers
L_0x7f9825c68cc0 .functor BUFT 1, C4<000000000000000000000000000000000000000000000000000000000000000>, C4<0>, C4<0>, C4<0>;
v0x19af3c0_0 .net *"_ivl_141", 62 0, L_0x7f9825c68cc0;  1 drivers
v0x19af4a0_0 .net *"_ivl_142", 63 0, L_0x19e2170;  1 drivers
v0x19af580_0 .net *"_ivl_145", 0 0, L_0x19e2740;  1 drivers
v0x19af660_0 .net *"_ivl_146", 63 0, L_0x19e27e0;  1 drivers
L_0x7f9825c68d08 .functor BUFT 1, C4<000000000000000000000000000000000000000000000000000000000000000>, C4<0>, C4<0>, C4<0>;
v0x19af740_0 .net *"_ivl_149", 62 0, L_0x7f9825c68d08;  1 drivers
v0x19af820_0 .net *"_ivl_150", 63 0, L_0x19e2a60;  1 drivers
v0x19af900_0 .net *"_ivl_153", 0 0, L_0x19e2c10;  1 drivers
v0x19af9e0_0 .net *"_ivl_154", 63 0, L_0x19e2cb0;  1 drivers
L_0x7f9825c68d50 .functor BUFT 1, C4<000000000000000000000000000000000000000000000000000000000000000>, C4<0>, C4<0>, C4<0>;
v0x19afac0_0 .net *"_ivl_157", 62 0, L_0x7f9825c68d50;  1 drivers
v0x19afba0_0 .net *"_ivl_158", 63 0, L_0x19e2f40;  1 drivers
v0x19afc80_0 .net *"_ivl_161", 0 0, L_0x19e3050;  1 drivers
v0x19afd60_0 .net *"_ivl_162", 63 0, L_0x19e30f0;  1 drivers
L_0x7f9825c68d98 .functor BUFT 1, C4<000000000000000000000000000000000000000000000000000000000000000>, C4<0>, C4<0>, C4<0>;
v0x19afe40_0 .net *"_ivl_165", 62 0, L_0x7f9825c68d98;  1 drivers
v0x19aff20_0 .net *"_ivl_166", 63 0, L_0x19e3390;  1 drivers
v0x19b0000_0 .net *"_ivl_169", 0 0, L_0x19e2b70;  1 drivers
v0x19b00e0_0 .net *"_ivl_17", 0 0, L_0x19deaf0;  1 drivers
v0x19b01c0_0 .net *"_ivl_170", 63 0, L_0x19e3550;  1 drivers
L_0x7f9825c68de0 .functor BUFT 1, C4<000000000000000000000000000000000000000000000000000000000000000>, C4<0>, C4<0>, C4<0>;
v0x19b02a0_0 .net *"_ivl_173", 62 0, L_0x7f9825c68de0;  1 drivers
v0x19b0380_0 .net *"_ivl_174", 63 0, L_0x19e3800;  1 drivers
v0x19b0460_0 .net *"_ivl_177", 0 0, L_0x19e3910;  1 drivers
v0x19b0540_0 .net *"_ivl_178", 63 0, L_0x19e39b0;  1 drivers
v0x19b0620_0 .net *"_ivl_18", 63 0, L_0x19deb90;  1 drivers
L_0x7f9825c68e28 .functor BUFT 1, C4<000000000000000000000000000000000000000000000000000000000000000>, C4<0>, C4<0>, C4<0>;
v0x19b0700_0 .net *"_ivl_181", 62 0, L_0x7f9825c68e28;  1 drivers
v0x19b07e0_0 .net *"_ivl_182", 63 0, L_0x19e3c70;  1 drivers
v0x19b08c0_0 .net *"_ivl_185", 0 0, L_0x19e3e40;  1 drivers
v0x19b09a0_0 .net *"_ivl_186", 63 0, L_0x19e3ee0;  1 drivers
L_0x7f9825c68e70 .functor BUFT 1, C4<000000000000000000000000000000000000000000000000000000000000000>, C4<0>, C4<0>, C4<0>;
v0x19b0a80_0 .net *"_ivl_189", 62 0, L_0x7f9825c68e70;  1 drivers
v0x19b0b60_0 .net *"_ivl_190", 63 0, L_0x19e41b0;  1 drivers
v0x19b0c40_0 .net *"_ivl_193", 0 0, L_0x19e42c0;  1 drivers
v0x19b0d20_0 .net *"_ivl_194", 63 0, L_0x19e4360;  1 drivers
L_0x7f9825c68eb8 .functor BUFT 1, C4<000000000000000000000000000000000000000000000000000000000000000>, C4<0>, C4<0>, C4<0>;
v0x19b0e00_0 .net *"_ivl_197", 62 0, L_0x7f9825c68eb8;  1 drivers
v0x19b0ee0_0 .net *"_ivl_198", 63 0, L_0x19e4640;  1 drivers
v0x19b0fc0_0 .net *"_ivl_201", 0 0, L_0x19e4820;  1 drivers
v0x19b10a0_0 .net *"_ivl_202", 63 0, L_0x19e48c0;  1 drivers
L_0x7f9825c68f00 .functor BUFT 1, C4<000000000000000000000000000000000000000000000000000000000000000>, C4<0>, C4<0>, C4<0>;
v0x19b1180_0 .net *"_ivl_205", 62 0, L_0x7f9825c68f00;  1 drivers
v0x19b1260_0 .net *"_ivl_206", 63 0, L_0x19e4bb0;  1 drivers
v0x19b1340_0 .net *"_ivl_209", 0 0, L_0x19e4cc0;  1 drivers
L_0x7f9825c68888 .functor BUFT 1, C4<000000000000000000000000000000000000000000000000000000000000000>, C4<0>, C4<0>, C4<0>;
v0x19b1420_0 .net *"_ivl_21", 62 0, L_0x7f9825c68888;  1 drivers
v0x19b1500_0 .net *"_ivl_210", 63 0, L_0x19e4d60;  1 drivers
L_0x7f9825c68f48 .functor BUFT 1, C4<000000000000000000000000000000000000000000000000000000000000000>, C4<0>, C4<0>, C4<0>;
v0x19b15e0_0 .net *"_ivl_213", 62 0, L_0x7f9825c68f48;  1 drivers
v0x19b1ad0_0 .net *"_ivl_214", 63 0, L_0x19e5060;  1 drivers
v0x19b1bb0_0 .net *"_ivl_217", 0 0, L_0x19e5250;  1 drivers
v0x19b1c90_0 .net *"_ivl_218", 63 0, L_0x19e52f0;  1 drivers
v0x19b1d70_0 .net *"_ivl_22", 63 0, L_0x19ddbe0;  1 drivers
L_0x7f9825c68f90 .functor BUFT 1, C4<000000000000000000000000000000000000000000000000000000000000000>, C4<0>, C4<0>, C4<0>;
v0x19b1e50_0 .net *"_ivl_221", 62 0, L_0x7f9825c68f90;  1 drivers
v0x19b1f30_0 .net *"_ivl_222", 63 0, L_0x19e5600;  1 drivers
v0x19b2010_0 .net *"_ivl_225", 0 0, L_0x19e5710;  1 drivers
v0x19b20f0_0 .net *"_ivl_226", 63 0, L_0x19e57b0;  1 drivers
L_0x7f9825c68fd8 .functor BUFT 1, C4<000000000000000000000000000000000000000000000000000000000000000>, C4<0>, C4<0>, C4<0>;
v0x19b21d0_0 .net *"_ivl_229", 62 0, L_0x7f9825c68fd8;  1 drivers
v0x19b22b0_0 .net *"_ivl_230", 63 0, L_0x19e5ad0;  1 drivers
v0x19b2390_0 .net *"_ivl_233", 0 0, L_0x19e5cd0;  1 drivers
v0x19b2470_0 .net *"_ivl_234", 63 0, L_0x19e5d70;  1 drivers
L_0x7f9825c69020 .functor BUFT 1, C4<000000000000000000000000000000000000000000000000000000000000000>, C4<0>, C4<0>, C4<0>;
v0x19b2550_0 .net *"_ivl_237", 62 0, L_0x7f9825c69020;  1 drivers
v0x19b2630_0 .net *"_ivl_238", 63 0, L_0x19e60a0;  1 drivers
v0x19b2710_0 .net *"_ivl_241", 0 0, L_0x19e61b0;  1 drivers
v0x19b27f0_0 .net *"_ivl_242", 63 0, L_0x19e6250;  1 drivers
L_0x7f9825c69068 .functor BUFT 1, C4<000000000000000000000000000000000000000000000000000000000000000>, C4<0>, C4<0>, C4<0>;
v0x19b28d0_0 .net *"_ivl_245", 62 0, L_0x7f9825c69068;  1 drivers
v0x19b29b0_0 .net *"_ivl_246", 63 0, L_0x19e6590;  1 drivers
v0x19b2a90_0 .net *"_ivl_249", 0 0, L_0x19e67a0;  1 drivers
v0x19b2b70_0 .net *"_ivl_25", 0 0, L_0x19dedb0;  1 drivers
v0x19b2c50_0 .net *"_ivl_250", 63 0, L_0x19e6840;  1 drivers
L_0x7f9825c690b0 .functor BUFT 1, C4<000000000000000000000000000000000000000000000000000000000000000>, C4<0>, C4<0>, C4<0>;
v0x19b2d30_0 .net *"_ivl_253", 62 0, L_0x7f9825c690b0;  1 drivers
v0x19b2e10_0 .net *"_ivl_254", 63 0, L_0x19e6b90;  1 drivers
v0x19b2ef0_0 .net *"_ivl_257", 0 0, L_0x19e6ca0;  1 drivers
v0x19b2fd0_0 .net *"_ivl_258", 63 0, L_0x19e6d40;  1 drivers
v0x19b30b0_0 .net *"_ivl_26", 63 0, L_0x19dee50;  1 drivers
L_0x7f9825c690f8 .functor BUFT 1, C4<000000000000000000000000000000000000000000000000000000000000000>, C4<0>, C4<0>, C4<0>;
v0x19b3190_0 .net *"_ivl_261", 62 0, L_0x7f9825c690f8;  1 drivers
v0x19b3270_0 .net *"_ivl_262", 63 0, L_0x19e70a0;  1 drivers
v0x19b3350_0 .net *"_ivl_265", 0 0, L_0x19e72c0;  1 drivers
v0x19b3430_0 .net *"_ivl_266", 63 0, L_0x19e7360;  1 drivers
L_0x7f9825c69140 .functor BUFT 1, C4<000000000000000000000000000000000000000000000000000000000000000>, C4<0>, C4<0>, C4<0>;
v0x19b3510_0 .net *"_ivl_269", 62 0, L_0x7f9825c69140;  1 drivers
v0x19b35f0_0 .net *"_ivl_270", 63 0, L_0x19e76d0;  1 drivers
v0x19b36d0_0 .net *"_ivl_273", 0 0, L_0x19e77e0;  1 drivers
v0x19b37b0_0 .net *"_ivl_274", 63 0, L_0x19e7880;  1 drivers
L_0x7f9825c69188 .functor BUFT 1, C4<000000000000000000000000000000000000000000000000000000000000000>, C4<0>, C4<0>, C4<0>;
v0x19b3890_0 .net *"_ivl_277", 62 0, L_0x7f9825c69188;  1 drivers
v0x19b3970_0 .net *"_ivl_278", 63 0, L_0x19e7c00;  1 drivers
v0x19b3a50_0 .net *"_ivl_281", 0 0, L_0x19e7e30;  1 drivers
v0x19b3b30_0 .net *"_ivl_282", 63 0, L_0x19e7ed0;  1 drivers
L_0x7f9825c691d0 .functor BUFT 1, C4<000000000000000000000000000000000000000000000000000000000000000>, C4<0>, C4<0>, C4<0>;
v0x19b3c10_0 .net *"_ivl_285", 62 0, L_0x7f9825c691d0;  1 drivers
v0x19b3cf0_0 .net *"_ivl_286", 63 0, L_0x19e8260;  1 drivers
v0x19b3dd0_0 .net *"_ivl_289", 0 0, L_0x19e8370;  1 drivers
L_0x7f9825c688d0 .functor BUFT 1, C4<000000000000000000000000000000000000000000000000000000000000000>, C4<0>, C4<0>, C4<0>;
v0x19b3eb0_0 .net *"_ivl_29", 62 0, L_0x7f9825c688d0;  1 drivers
v0x19b3f90_0 .net *"_ivl_290", 63 0, L_0x19e8410;  1 drivers
L_0x7f9825c69218 .functor BUFT 1, C4<000000000000000000000000000000000000000000000000000000000000000>, C4<0>, C4<0>, C4<0>;
v0x19b4070_0 .net *"_ivl_293", 62 0, L_0x7f9825c69218;  1 drivers
v0x19b4150_0 .net *"_ivl_294", 63 0, L_0x19ddef0;  1 drivers
v0x19b4230_0 .net *"_ivl_297", 0 0, L_0x19e7d10;  1 drivers
v0x19b4310_0 .net *"_ivl_298", 63 0, L_0x19e8d90;  1 drivers
v0x19b43f0_0 .net *"_ivl_3", 0 0, L_0x19de640;  1 drivers
v0x19b44d0_0 .net *"_ivl_30", 63 0, L_0x19def90;  1 drivers
L_0x7f9825c69260 .functor BUFT 1, C4<000000000000000000000000000000000000000000000000000000000000000>, C4<0>, C4<0>, C4<0>;
v0x19b45b0_0 .net *"_ivl_301", 62 0, L_0x7f9825c69260;  1 drivers
v0x19b4690_0 .net *"_ivl_302", 63 0, L_0x19e90f0;  1 drivers
v0x19b4770_0 .net *"_ivl_305", 0 0, L_0x19e9200;  1 drivers
v0x19b4850_0 .net *"_ivl_306", 63 0, L_0x19e92a0;  1 drivers
L_0x7f9825c692a8 .functor BUFT 1, C4<000000000000000000000000000000000000000000000000000000000000000>, C4<0>, C4<0>, C4<0>;
v0x19b4930_0 .net *"_ivl_309", 62 0, L_0x7f9825c692a8;  1 drivers
v0x19b4a10_0 .net *"_ivl_310", 63 0, L_0x19e9660;  1 drivers
v0x19b4af0_0 .net *"_ivl_313", 0 0, L_0x19e98b0;  1 drivers
v0x19b4bd0_0 .net *"_ivl_314", 63 0, L_0x19e9950;  1 drivers
L_0x7f9825c692f0 .functor BUFT 1, C4<000000000000000000000000000000000000000000000000000000000000000>, C4<0>, C4<0>, C4<0>;
v0x19b4cb0_0 .net *"_ivl_317", 62 0, L_0x7f9825c692f0;  1 drivers
v0x19b4d90_0 .net *"_ivl_318", 63 0, L_0x19e9d20;  1 drivers
v0x19b4e70_0 .net *"_ivl_321", 0 0, L_0x19e9e30;  1 drivers
v0x19b4f50_0 .net *"_ivl_322", 63 0, L_0x19e9ed0;  1 drivers
L_0x7f9825c69338 .functor BUFT 1, C4<000000000000000000000000000000000000000000000000000000000000000>, C4<0>, C4<0>, C4<0>;
v0x19b5030_0 .net *"_ivl_325", 62 0, L_0x7f9825c69338;  1 drivers
v0x19b5110_0 .net *"_ivl_326", 63 0, L_0x19ea2b0;  1 drivers
v0x19b51f0_0 .net *"_ivl_329", 0 0, L_0x19ea510;  1 drivers
v0x19b5ae0_0 .net *"_ivl_33", 0 0, L_0x19df0a0;  1 drivers
v0x19b5bc0_0 .net *"_ivl_330", 63 0, L_0x19ea5b0;  1 drivers
L_0x7f9825c69380 .functor BUFT 1, C4<000000000000000000000000000000000000000000000000000000000000000>, C4<0>, C4<0>, C4<0>;
v0x19b5ca0_0 .net *"_ivl_333", 62 0, L_0x7f9825c69380;  1 drivers
v0x19b5d80_0 .net *"_ivl_334", 63 0, L_0x19ea9a0;  1 drivers
v0x19b5e60_0 .net *"_ivl_337", 0 0, L_0x19eaab0;  1 drivers
v0x19b5f40_0 .net *"_ivl_338", 63 0, L_0x19eab50;  1 drivers
v0x19b6020_0 .net *"_ivl_34", 63 0, L_0x19df140;  1 drivers
L_0x7f9825c693c8 .functor BUFT 1, C4<000000000000000000000000000000000000000000000000000000000000000>, C4<0>, C4<0>, C4<0>;
v0x19b6100_0 .net *"_ivl_341", 62 0, L_0x7f9825c693c8;  1 drivers
v0x19b61e0_0 .net *"_ivl_342", 63 0, L_0x19eaf50;  1 drivers
v0x19b62c0_0 .net *"_ivl_345", 0 0, L_0x19eb1c0;  1 drivers
v0x19b63a0_0 .net *"_ivl_346", 63 0, L_0x19eb260;  1 drivers
L_0x7f9825c69410 .functor BUFT 1, C4<000000000000000000000000000000000000000000000000000000000000000>, C4<0>, C4<0>, C4<0>;
v0x19b6480_0 .net *"_ivl_349", 62 0, L_0x7f9825c69410;  1 drivers
v0x19b6560_0 .net *"_ivl_350", 63 0, L_0x19eb670;  1 drivers
v0x19b6640_0 .net *"_ivl_353", 0 0, L_0x19eb780;  1 drivers
v0x19b6720_0 .net *"_ivl_354", 63 0, L_0x19eb820;  1 drivers
L_0x7f9825c69458 .functor BUFT 1, C4<000000000000000000000000000000000000000000000000000000000000000>, C4<0>, C4<0>, C4<0>;
v0x19b6800_0 .net *"_ivl_357", 62 0, L_0x7f9825c69458;  1 drivers
v0x19b68e0_0 .net *"_ivl_358", 63 0, L_0x19ebc40;  1 drivers
v0x19b69c0_0 .net *"_ivl_361", 0 0, L_0x19ebec0;  1 drivers
v0x19b6aa0_0 .net *"_ivl_362", 63 0, L_0x19ebf60;  1 drivers
L_0x7f9825c694a0 .functor BUFT 1, C4<000000000000000000000000000000000000000000000000000000000000000>, C4<0>, C4<0>, C4<0>;
v0x19b6b80_0 .net *"_ivl_365", 62 0, L_0x7f9825c694a0;  1 drivers
v0x19b6c60_0 .net *"_ivl_366", 63 0, L_0x19ec390;  1 drivers
v0x19b6d40_0 .net *"_ivl_369", 0 0, L_0x19ec4a0;  1 drivers
L_0x7f9825c68918 .functor BUFT 1, C4<000000000000000000000000000000000000000000000000000000000000000>, C4<0>, C4<0>, C4<0>;
v0x19b6e20_0 .net *"_ivl_37", 62 0, L_0x7f9825c68918;  1 drivers
v0x19b6f00_0 .net *"_ivl_370", 63 0, L_0x19ec540;  1 drivers
L_0x7f9825c694e8 .functor BUFT 1, C4<000000000000000000000000000000000000000000000000000000000000000>, C4<0>, C4<0>, C4<0>;
v0x19b6fe0_0 .net *"_ivl_373", 62 0, L_0x7f9825c694e8;  1 drivers
v0x19b70c0_0 .net *"_ivl_374", 63 0, L_0x19ec980;  1 drivers
v0x19b71a0_0 .net *"_ivl_377", 0 0, L_0x19ecc10;  1 drivers
v0x19b7280_0 .net *"_ivl_378", 63 0, L_0x19eccb0;  1 drivers
v0x19b7360_0 .net *"_ivl_38", 63 0, L_0x19df4a0;  1 drivers
L_0x7f9825c69530 .functor BUFT 1, C4<000000000000000000000000000000000000000000000000000000000000000>, C4<0>, C4<0>, C4<0>;
v0x19b7440_0 .net *"_ivl_381", 62 0, L_0x7f9825c69530;  1 drivers
v0x19b7520_0 .net *"_ivl_382", 63 0, L_0x19ed100;  1 drivers
v0x19b7600_0 .net *"_ivl_385", 0 0, L_0x19ed210;  1 drivers
v0x19b76e0_0 .net *"_ivl_386", 63 0, L_0x19ed2b0;  1 drivers
L_0x7f9825c69578 .functor BUFT 1, C4<000000000000000000000000000000000000000000000000000000000000000>, C4<0>, C4<0>, C4<0>;
v0x19b77c0_0 .net *"_ivl_389", 62 0, L_0x7f9825c69578;  1 drivers
v0x19b78a0_0 .net *"_ivl_390", 63 0, L_0x19ed710;  1 drivers
v0x19b7980_0 .net *"_ivl_393", 0 0, L_0x19ed9b0;  1 drivers
v0x19b7a60_0 .net *"_ivl_394", 63 0, L_0x19eda50;  1 drivers
L_0x7f9825c695c0 .functor BUFT 1, C4<000000000000000000000000000000000000000000000000000000000000000>, C4<0>, C4<0>, C4<0>;
v0x19b7b40_0 .net *"_ivl_397", 62 0, L_0x7f9825c695c0;  1 drivers
v0x19b7c20_0 .net *"_ivl_398", 63 0, L_0x19edec0;  1 drivers
v0x19b7d00_0 .net *"_ivl_4", 63 0, L_0x19de6e0;  1 drivers
v0x19b7de0_0 .net *"_ivl_401", 0 0, L_0x19edfd0;  1 drivers
v0x19b7ec0_0 .net *"_ivl_402", 63 0, L_0x19ee070;  1 drivers
L_0x7f9825c69608 .functor BUFT 1, C4<000000000000000000000000000000000000000000000000000000000000000>, C4<0>, C4<0>, C4<0>;
v0x19b7fa0_0 .net *"_ivl_405", 62 0, L_0x7f9825c69608;  1 drivers
v0x19b8080_0 .net *"_ivl_406", 63 0, L_0x19ee4f0;  1 drivers
v0x19b8160_0 .net *"_ivl_409", 0 0, L_0x19ee7a0;  1 drivers
v0x19b8240_0 .net *"_ivl_41", 0 0, L_0x19df5e0;  1 drivers
v0x19b8320_0 .net *"_ivl_410", 63 0, L_0x19ee840;  1 drivers
L_0x7f9825c69650 .functor BUFT 1, C4<000000000000000000000000000000000000000000000000000000000000000>, C4<0>, C4<0>, C4<0>;
v0x19b8400_0 .net *"_ivl_413", 62 0, L_0x7f9825c69650;  1 drivers
v0x19b84e0_0 .net *"_ivl_414", 63 0, L_0x19eecd0;  1 drivers
v0x19b85c0_0 .net *"_ivl_417", 0 0, L_0x19eede0;  1 drivers
v0x19b86a0_0 .net *"_ivl_418", 63 0, L_0x19eee80;  1 drivers
v0x19b8780_0 .net *"_ivl_42", 63 0, L_0x19df680;  1 drivers
L_0x7f9825c69698 .functor BUFT 1, C4<000000000000000000000000000000000000000000000000000000000000000>, C4<0>, C4<0>, C4<0>;
v0x19b8860_0 .net *"_ivl_421", 62 0, L_0x7f9825c69698;  1 drivers
v0x19b8940_0 .net *"_ivl_422", 63 0, L_0x19ef320;  1 drivers
v0x19b8a20_0 .net *"_ivl_425", 0 0, L_0x19ef5e0;  1 drivers
v0x19b8b00_0 .net *"_ivl_426", 63 0, L_0x19ef680;  1 drivers
L_0x7f9825c696e0 .functor BUFT 1, C4<000000000000000000000000000000000000000000000000000000000000000>, C4<0>, C4<0>, C4<0>;
v0x19b8be0_0 .net *"_ivl_429", 62 0, L_0x7f9825c696e0;  1 drivers
v0x19b8cc0_0 .net *"_ivl_430", 63 0, L_0x19efb30;  1 drivers
v0x19b8da0_0 .net *"_ivl_433", 0 0, L_0x19efc40;  1 drivers
v0x19b8e80_0 .net *"_ivl_434", 63 0, L_0x19efce0;  1 drivers
L_0x7f9825c69728 .functor BUFT 1, C4<000000000000000000000000000000000000000000000000000000000000000>, C4<0>, C4<0>, C4<0>;
v0x19b8f60_0 .net *"_ivl_437", 62 0, L_0x7f9825c69728;  1 drivers
v0x19b9040_0 .net *"_ivl_438", 63 0, L_0x19f01a0;  1 drivers
v0x19b9120_0 .net *"_ivl_441", 0 0, L_0x19f0470;  1 drivers
v0x19b9200_0 .net *"_ivl_442", 63 0, L_0x19f0510;  1 drivers
L_0x7f9825c69770 .functor BUFT 1, C4<000000000000000000000000000000000000000000000000000000000000000>, C4<0>, C4<0>, C4<0>;
v0x19b92e0_0 .net *"_ivl_445", 62 0, L_0x7f9825c69770;  1 drivers
v0x19b93c0_0 .net *"_ivl_446", 63 0, L_0x19f09e0;  1 drivers
v0x19b94a0_0 .net *"_ivl_449", 0 0, L_0x19f0af0;  1 drivers
L_0x7f9825c68960 .functor BUFT 1, C4<000000000000000000000000000000000000000000000000000000000000000>, C4<0>, C4<0>, C4<0>;
v0x19b9580_0 .net *"_ivl_45", 62 0, L_0x7f9825c68960;  1 drivers
v0x19b9660_0 .net *"_ivl_450", 63 0, L_0x19f0b90;  1 drivers
L_0x7f9825c697b8 .functor BUFT 1, C4<000000000000000000000000000000000000000000000000000000000000000>, C4<0>, C4<0>, C4<0>;
v0x19b9740_0 .net *"_ivl_453", 62 0, L_0x7f9825c697b8;  1 drivers
v0x19b9820_0 .net *"_ivl_454", 63 0, L_0x19f1070;  1 drivers
v0x19b9900_0 .net *"_ivl_457", 0 0, L_0x19f1350;  1 drivers
v0x19b99e0_0 .net *"_ivl_458", 63 0, L_0x19f13f0;  1 drivers
v0x19b9ac0_0 .net *"_ivl_46", 63 0, L_0x19df830;  1 drivers
L_0x7f9825c69800 .functor BUFT 1, C4<000000000000000000000000000000000000000000000000000000000000000>, C4<0>, C4<0>, C4<0>;
v0x19b9ba0_0 .net *"_ivl_461", 62 0, L_0x7f9825c69800;  1 drivers
v0x19b9c80_0 .net *"_ivl_462", 63 0, L_0x19f18e0;  1 drivers
v0x19b9d60_0 .net *"_ivl_465", 0 0, L_0x19f19f0;  1 drivers
v0x19b9e40_0 .net *"_ivl_466", 63 0, L_0x19f1a90;  1 drivers
L_0x7f9825c69848 .functor BUFT 1, C4<000000000000000000000000000000000000000000000000000000000000000>, C4<0>, C4<0>, C4<0>;
v0x19b9f20_0 .net *"_ivl_469", 62 0, L_0x7f9825c69848;  1 drivers
v0x19ba000_0 .net *"_ivl_470", 63 0, L_0x19f1f90;  1 drivers
v0x19ba0e0_0 .net *"_ivl_473", 0 0, L_0x19f2280;  1 drivers
v0x19ba1c0_0 .net *"_ivl_474", 63 0, L_0x19f2320;  1 drivers
L_0x7f9825c69890 .functor BUFT 1, C4<000000000000000000000000000000000000000000000000000000000000000>, C4<0>, C4<0>, C4<0>;
v0x19ba2a0_0 .net *"_ivl_477", 62 0, L_0x7f9825c69890;  1 drivers
v0x19ba380_0 .net *"_ivl_478", 63 0, L_0x19f2830;  1 drivers
v0x19ba460_0 .net *"_ivl_481", 0 0, L_0x19f2940;  1 drivers
v0x19ba540_0 .net *"_ivl_482", 63 0, L_0x19f29e0;  1 drivers
L_0x7f9825c698d8 .functor BUFT 1, C4<000000000000000000000000000000000000000000000000000000000000000>, C4<0>, C4<0>, C4<0>;
v0x19ba620_0 .net *"_ivl_485", 62 0, L_0x7f9825c698d8;  1 drivers
v0x19ba700_0 .net *"_ivl_486", 63 0, L_0x19f2f00;  1 drivers
v0x19ba7e0_0 .net *"_ivl_489", 0 0, L_0x19f3200;  1 drivers
v0x19ba8c0_0 .net *"_ivl_49", 0 0, L_0x19df940;  1 drivers
v0x19ba9a0_0 .net *"_ivl_490", 63 0, L_0x19f32a0;  1 drivers
L_0x7f9825c69920 .functor BUFT 1, C4<000000000000000000000000000000000000000000000000000000000000000>, C4<0>, C4<0>, C4<0>;
v0x19baa80_0 .net *"_ivl_493", 62 0, L_0x7f9825c69920;  1 drivers
v0x19bab60_0 .net *"_ivl_494", 63 0, L_0x19f37d0;  1 drivers
v0x19bac40_0 .net *"_ivl_497", 0 0, L_0x19f38e0;  1 drivers
v0x19bad20_0 .net *"_ivl_498", 63 0, L_0x19f3980;  1 drivers
v0x19bae00_0 .net *"_ivl_50", 63 0, L_0x19df9e0;  1 drivers
L_0x7f9825c69968 .functor BUFT 1, C4<000000000000000000000000000000000000000000000000000000000000000>, C4<0>, C4<0>, C4<0>;
v0x19baee0_0 .net *"_ivl_501", 62 0, L_0x7f9825c69968;  1 drivers
v0x19bafc0_0 .net *"_ivl_502", 63 0, L_0x19f3ec0;  1 drivers
v0x19bb0a0_0 .net *"_ivl_505", 0 0, L_0x19f41d0;  1 drivers
v0x19bb180_0 .net *"_ivl_506", 63 0, L_0x19f4a80;  1 drivers
L_0x7f9825c699b0 .functor BUFT 1, C4<000000000000000000000000000000000000000000000000000000000000000>, C4<0>, C4<0>, C4<0>;
v0x19bb260_0 .net *"_ivl_509", 62 0, L_0x7f9825c699b0;  1 drivers
v0x19bb340_0 .net *"_ivl_510", 63 0, L_0x19f4fd0;  1 drivers
L_0x7f9825c689a8 .functor BUFT 1, C4<000000000000000000000000000000000000000000000000000000000000000>, C4<0>, C4<0>, C4<0>;
v0x19bb420_0 .net *"_ivl_53", 62 0, L_0x7f9825c689a8;  1 drivers
v0x19bb500_0 .net *"_ivl_54", 63 0, L_0x19df770;  1 drivers
v0x19bb5e0_0 .net *"_ivl_57", 0 0, L_0x19dfc00;  1 drivers
v0x19bb6c0_0 .net *"_ivl_58", 63 0, L_0x19dfca0;  1 drivers
L_0x7f9825c689f0 .functor BUFT 1, C4<000000000000000000000000000000000000000000000000000000000000000>, C4<0>, C4<0>, C4<0>;
v0x19bb7a0_0 .net *"_ivl_61", 62 0, L_0x7f9825c689f0;  1 drivers
v0x19bb880_0 .net *"_ivl_62", 63 0, L_0x19dfe70;  1 drivers
v0x19bb960_0 .net *"_ivl_65", 0 0, L_0x19dff80;  1 drivers
v0x19bba40_0 .net *"_ivl_66", 63 0, L_0x19e0020;  1 drivers
L_0x7f9825c68a38 .functor BUFT 1, C4<000000000000000000000000000000000000000000000000000000000000000>, C4<0>, C4<0>, C4<0>;
v0x19bbb20_0 .net *"_ivl_69", 62 0, L_0x7f9825c68a38;  1 drivers
L_0x7f9825c687f8 .functor BUFT 1, C4<000000000000000000000000000000000000000000000000000000000000000>, C4<0>, C4<0>, C4<0>;
v0x19bbc00_0 .net *"_ivl_7", 62 0, L_0x7f9825c687f8;  1 drivers
v0x19bbce0_0 .net *"_ivl_70", 63 0, L_0x19e0200;  1 drivers
v0x19bbdc0_0 .net *"_ivl_73", 0 0, L_0x19e0360;  1 drivers
v0x19bbea0_0 .net *"_ivl_74", 63 0, L_0x19e0400;  1 drivers
L_0x7f9825c68a80 .functor BUFT 1, C4<000000000000000000000000000000000000000000000000000000000000000>, C4<0>, C4<0>, C4<0>;
v0x19bbf80_0 .net *"_ivl_77", 62 0, L_0x7f9825c68a80;  1 drivers
v0x19bc060_0 .net *"_ivl_78", 63 0, L_0x19e05f0;  1 drivers
v0x19bc140_0 .net *"_ivl_81", 0 0, L_0x19e0110;  1 drivers
v0x19bc220_0 .net *"_ivl_82", 63 0, L_0x19e0700;  1 drivers
L_0x7f9825c68ac8 .functor BUFT 1, C4<000000000000000000000000000000000000000000000000000000000000000>, C4<0>, C4<0>, C4<0>;
v0x19bc300_0 .net *"_ivl_85", 62 0, L_0x7f9825c68ac8;  1 drivers
v0x19bc3e0_0 .net *"_ivl_86", 63 0, L_0x19e0900;  1 drivers
v0x19bc4c0_0 .net *"_ivl_89", 0 0, L_0x19e0a70;  1 drivers
v0x19bc5a0_0 .net *"_ivl_9", 0 0, L_0x19de820;  1 drivers
v0x19bc680_0 .net *"_ivl_90", 63 0, L_0x19e0b10;  1 drivers
L_0x7f9825c68b10 .functor BUFT 1, C4<000000000000000000000000000000000000000000000000000000000000000>, C4<0>, C4<0>, C4<0>;
v0x19bc760_0 .net *"_ivl_93", 62 0, L_0x7f9825c68b10;  1 drivers
v0x19bc840_0 .net *"_ivl_94", 63 0, L_0x19e0cd0;  1 drivers
v0x19bc920_0 .net *"_ivl_97", 0 0, L_0x19e0de0;  1 drivers
v0x19bca00_0 .net *"_ivl_98", 63 0, L_0x19e0e80;  1 drivers
v0x19b52d0_0 .net "y", 63 0, L_0x19f50e0;  alias, 1 drivers
L_0x19de640 .part L_0x19f5450, 0, 1;
L_0x19de6e0 .concat [ 1 63 0 0], L_0x19de640, L_0x7f9825c687f8;
L_0x19de820 .part L_0x19f5450, 1, 1;
L_0x19de910 .concat [ 1 63 0 0], L_0x19de820, L_0x7f9825c68840;
L_0x19deaf0 .part L_0x19f5450, 2, 1;
L_0x19deb90 .concat [ 1 63 0 0], L_0x19deaf0, L_0x7f9825c68888;
L_0x19dedb0 .part L_0x19f5450, 3, 1;
L_0x19dee50 .concat [ 1 63 0 0], L_0x19dedb0, L_0x7f9825c688d0;
L_0x19df0a0 .part L_0x19f5450, 4, 1;
L_0x19df140 .concat [ 1 63 0 0], L_0x19df0a0, L_0x7f9825c68918;
L_0x19df5e0 .part L_0x19f5450, 5, 1;
L_0x19df680 .concat [ 1 63 0 0], L_0x19df5e0, L_0x7f9825c68960;
L_0x19df940 .part L_0x19f5450, 6, 1;
L_0x19df9e0 .concat [ 1 63 0 0], L_0x19df940, L_0x7f9825c689a8;
L_0x19dfc00 .part L_0x19f5450, 7, 1;
L_0x19dfca0 .concat [ 1 63 0 0], L_0x19dfc00, L_0x7f9825c689f0;
L_0x19dff80 .part L_0x19f5450, 8, 1;
L_0x19e0020 .concat [ 1 63 0 0], L_0x19dff80, L_0x7f9825c68a38;
L_0x19e0360 .part L_0x19f5450, 9, 1;
L_0x19e0400 .concat [ 1 63 0 0], L_0x19e0360, L_0x7f9825c68a80;
L_0x19e0110 .part L_0x19f5450, 10, 1;
L_0x19e0700 .concat [ 1 63 0 0], L_0x19e0110, L_0x7f9825c68ac8;
L_0x19e0a70 .part L_0x19f5450, 11, 1;
L_0x19e0b10 .concat [ 1 63 0 0], L_0x19e0a70, L_0x7f9825c68b10;
L_0x19e0de0 .part L_0x19f5450, 12, 1;
L_0x19e0e80 .concat [ 1 63 0 0], L_0x19e0de0, L_0x7f9825c68b58;
L_0x19e1220 .part L_0x19f5450, 13, 1;
L_0x19e12c0 .concat [ 1 63 0 0], L_0x19e1220, L_0x7f9825c68ba0;
L_0x19e1600 .part L_0x19f5450, 14, 1;
L_0x19e16a0 .concat [ 1 63 0 0], L_0x19e1600, L_0x7f9825c68be8;
L_0x19e19f0 .part L_0x19f5450, 15, 1;
L_0x19e1ca0 .concat [ 1 63 0 0], L_0x19e19f0, L_0x7f9825c68c30;
L_0x19e1f90 .part L_0x19f5450, 16, 1;
L_0x19e2030 .concat [ 1 63 0 0], L_0x19e1f90, L_0x7f9825c68c78;
L_0x19e2430 .part L_0x19f5450, 17, 1;
L_0x19e24d0 .concat [ 1 63 0 0], L_0x19e2430, L_0x7f9825c68cc0;
L_0x19e2740 .part L_0x19f5450, 18, 1;
L_0x19e27e0 .concat [ 1 63 0 0], L_0x19e2740, L_0x7f9825c68d08;
L_0x19e2c10 .part L_0x19f5450, 19, 1;
L_0x19e2cb0 .concat [ 1 63 0 0], L_0x19e2c10, L_0x7f9825c68d50;
L_0x19e3050 .part L_0x19f5450, 20, 1;
L_0x19e30f0 .concat [ 1 63 0 0], L_0x19e3050, L_0x7f9825c68d98;
L_0x19e2b70 .part L_0x19f5450, 21, 1;
L_0x19e3550 .concat [ 1 63 0 0], L_0x19e2b70, L_0x7f9825c68de0;
L_0x19e3910 .part L_0x19f5450, 22, 1;
L_0x19e39b0 .concat [ 1 63 0 0], L_0x19e3910, L_0x7f9825c68e28;
L_0x19e3e40 .part L_0x19f5450, 23, 1;
L_0x19e3ee0 .concat [ 1 63 0 0], L_0x19e3e40, L_0x7f9825c68e70;
L_0x19e42c0 .part L_0x19f5450, 24, 1;
L_0x19e4360 .concat [ 1 63 0 0], L_0x19e42c0, L_0x7f9825c68eb8;
L_0x19e4820 .part L_0x19f5450, 25, 1;
L_0x19e48c0 .concat [ 1 63 0 0], L_0x19e4820, L_0x7f9825c68f00;
L_0x19e4cc0 .part L_0x19f5450, 26, 1;
L_0x19e4d60 .concat [ 1 63 0 0], L_0x19e4cc0, L_0x7f9825c68f48;
L_0x19e5250 .part L_0x19f5450, 27, 1;
L_0x19e52f0 .concat [ 1 63 0 0], L_0x19e5250, L_0x7f9825c68f90;
L_0x19e5710 .part L_0x19f5450, 28, 1;
L_0x19e57b0 .concat [ 1 63 0 0], L_0x19e5710, L_0x7f9825c68fd8;
L_0x19e5cd0 .part L_0x19f5450, 29, 1;
L_0x19e5d70 .concat [ 1 63 0 0], L_0x19e5cd0, L_0x7f9825c69020;
L_0x19e61b0 .part L_0x19f5450, 30, 1;
L_0x19e6250 .concat [ 1 63 0 0], L_0x19e61b0, L_0x7f9825c69068;
L_0x19e67a0 .part L_0x19f5450, 31, 1;
L_0x19e6840 .concat [ 1 63 0 0], L_0x19e67a0, L_0x7f9825c690b0;
L_0x19e6ca0 .part L_0x19f5450, 32, 1;
L_0x19e6d40 .concat [ 1 63 0 0], L_0x19e6ca0, L_0x7f9825c690f8;
L_0x19e72c0 .part L_0x19f5450, 33, 1;
L_0x19e7360 .concat [ 1 63 0 0], L_0x19e72c0, L_0x7f9825c69140;
L_0x19e77e0 .part L_0x19f5450, 34, 1;
L_0x19e7880 .concat [ 1 63 0 0], L_0x19e77e0, L_0x7f9825c69188;
L_0x19e7e30 .part L_0x19f5450, 35, 1;
L_0x19e7ed0 .concat [ 1 63 0 0], L_0x19e7e30, L_0x7f9825c691d0;
L_0x19e8370 .part L_0x19f5450, 36, 1;
L_0x19e8410 .concat [ 1 63 0 0], L_0x19e8370, L_0x7f9825c69218;
L_0x19e7d10 .part L_0x19f5450, 37, 1;
L_0x19e8d90 .concat [ 1 63 0 0], L_0x19e7d10, L_0x7f9825c69260;
L_0x19e9200 .part L_0x19f5450, 38, 1;
L_0x19e92a0 .concat [ 1 63 0 0], L_0x19e9200, L_0x7f9825c692a8;
L_0x19e98b0 .part L_0x19f5450, 39, 1;
L_0x19e9950 .concat [ 1 63 0 0], L_0x19e98b0, L_0x7f9825c692f0;
L_0x19e9e30 .part L_0x19f5450, 40, 1;
L_0x19e9ed0 .concat [ 1 63 0 0], L_0x19e9e30, L_0x7f9825c69338;
L_0x19ea510 .part L_0x19f5450, 41, 1;
L_0x19ea5b0 .concat [ 1 63 0 0], L_0x19ea510, L_0x7f9825c69380;
L_0x19eaab0 .part L_0x19f5450, 42, 1;
L_0x19eab50 .concat [ 1 63 0 0], L_0x19eaab0, L_0x7f9825c693c8;
L_0x19eb1c0 .part L_0x19f5450, 43, 1;
L_0x19eb260 .concat [ 1 63 0 0], L_0x19eb1c0, L_0x7f9825c69410;
L_0x19eb780 .part L_0x19f5450, 44, 1;
L_0x19eb820 .concat [ 1 63 0 0], L_0x19eb780, L_0x7f9825c69458;
L_0x19ebec0 .part L_0x19f5450, 45, 1;
L_0x19ebf60 .concat [ 1 63 0 0], L_0x19ebec0, L_0x7f9825c694a0;
L_0x19ec4a0 .part L_0x19f5450, 46, 1;
L_0x19ec540 .concat [ 1 63 0 0], L_0x19ec4a0, L_0x7f9825c694e8;
L_0x19ecc10 .part L_0x19f5450, 47, 1;
L_0x19eccb0 .concat [ 1 63 0 0], L_0x19ecc10, L_0x7f9825c69530;
L_0x19ed210 .part L_0x19f5450, 48, 1;
L_0x19ed2b0 .concat [ 1 63 0 0], L_0x19ed210, L_0x7f9825c69578;
L_0x19ed9b0 .part L_0x19f5450, 49, 1;
L_0x19eda50 .concat [ 1 63 0 0], L_0x19ed9b0, L_0x7f9825c695c0;
L_0x19edfd0 .part L_0x19f5450, 50, 1;
L_0x19ee070 .concat [ 1 63 0 0], L_0x19edfd0, L_0x7f9825c69608;
L_0x19ee7a0 .part L_0x19f5450, 51, 1;
L_0x19ee840 .concat [ 1 63 0 0], L_0x19ee7a0, L_0x7f9825c69650;
L_0x19eede0 .part L_0x19f5450, 52, 1;
L_0x19eee80 .concat [ 1 63 0 0], L_0x19eede0, L_0x7f9825c69698;
L_0x19ef5e0 .part L_0x19f5450, 53, 1;
L_0x19ef680 .concat [ 1 63 0 0], L_0x19ef5e0, L_0x7f9825c696e0;
L_0x19efc40 .part L_0x19f5450, 54, 1;
L_0x19efce0 .concat [ 1 63 0 0], L_0x19efc40, L_0x7f9825c69728;
L_0x19f0470 .part L_0x19f5450, 55, 1;
L_0x19f0510 .concat [ 1 63 0 0], L_0x19f0470, L_0x7f9825c69770;
L_0x19f0af0 .part L_0x19f5450, 56, 1;
L_0x19f0b90 .concat [ 1 63 0 0], L_0x19f0af0, L_0x7f9825c697b8;
L_0x19f1350 .part L_0x19f5450, 57, 1;
L_0x19f13f0 .concat [ 1 63 0 0], L_0x19f1350, L_0x7f9825c69800;
L_0x19f19f0 .part L_0x19f5450, 58, 1;
L_0x19f1a90 .concat [ 1 63 0 0], L_0x19f19f0, L_0x7f9825c69848;
L_0x19f2280 .part L_0x19f5450, 59, 1;
L_0x19f2320 .concat [ 1 63 0 0], L_0x19f2280, L_0x7f9825c69890;
L_0x19f2940 .part L_0x19f5450, 60, 1;
L_0x19f29e0 .concat [ 1 63 0 0], L_0x19f2940, L_0x7f9825c698d8;
L_0x19f3200 .part L_0x19f5450, 61, 1;
L_0x19f32a0 .concat [ 1 63 0 0], L_0x19f3200, L_0x7f9825c69920;
L_0x19f38e0 .part L_0x19f5450, 62, 1;
L_0x19f3980 .concat [ 1 63 0 0], L_0x19f38e0, L_0x7f9825c69968;
L_0x19f41d0 .part L_0x19f5450, 63, 1;
L_0x19f4a80 .concat [ 1 63 0 0], L_0x19f41d0, L_0x7f9825c699b0;
S_0x19c0480 .scope module, "control1" "control" 6 51, 7 23 0, S_0x1992900;
 .timescale -9 -12;
    .port_info 0 /INPUT 12 "opcode";
    .port_info 1 /OUTPUT 8 "ALUOp";
    .port_info 2 /OUTPUT 1 "ALUSrcA";
    .port_info 3 /OUTPUT 1 "ALUSrcB";
    .port_info 4 /OUTPUT 1 "MemWrite";
    .port_info 5 /OUTPUT 1 "RegWrite";
    .port_info 6 /OUTPUT 1 "PCSrc";
    .port_info 7 /OUTPUT 1 "WDSrc";
    .port_info 8 /OUTPUT 1 "IMMSrc";
    .port_info 9 /OUTPUT 1 "IMemWrite";
v0x19c0750_0 .net "ALUOp", 7 0, L_0x19da1f0;  alias, 1 drivers
v0x19c0850_0 .net "ALUSrcA", 0 0, L_0x19da2e0;  alias, 1 drivers
v0x19c0910_0 .net "ALUSrcB", 0 0, L_0x19da3d0;  alias, 1 drivers
v0x19c0a10_0 .net "IMMSrc", 0 0, L_0x19da7c0;  alias, 1 drivers
v0x19c0ab0_0 .net "IMemWrite", 0 0, L_0x19da900;  alias, 1 drivers
v0x19c0ba0_0 .net "MemWrite", 0 0, L_0x19da470;  alias, 1 drivers
v0x19c0c40_0 .net "PCSrc", 0 0, L_0x19da640;  alias, 1 drivers
v0x19c0ce0_0 .net "RegWrite", 0 0, L_0x19da5a0;  alias, 1 drivers
v0x19c0da0_0 .net "WDSrc", 0 0, L_0x19da720;  alias, 1 drivers
v0x19c0e60_0 .var "control", 15 0;
v0x19c0f40_0 .net "opcode", 11 0, L_0x19da9f0;  1 drivers
E_0x19978f0 .event edge, v0x19c0f40_0;
L_0x19da1f0 .part v0x19c0e60_0, 0, 8;
L_0x19da2e0 .part v0x19c0e60_0, 8, 1;
L_0x19da3d0 .part v0x19c0e60_0, 9, 1;
L_0x19da470 .part v0x19c0e60_0, 10, 1;
L_0x19da5a0 .part v0x19c0e60_0, 11, 1;
L_0x19da640 .part v0x19c0e60_0, 12, 1;
L_0x19da720 .part v0x19c0e60_0, 13, 1;
L_0x19da7c0 .part v0x19c0e60_0, 14, 1;
L_0x19da900 .part v0x19c0e60_0, 15, 1;
S_0x19c1160 .scope module, "dmem1" "dmem" 6 91, 8 1 0, S_0x1992900;
 .timescale -9 -12;
    .port_info 0 /INPUT 1 "clk";
    .port_info 1 /INPUT 64 "a1";
    .port_info 2 /INPUT 1 "we1";
    .port_info 3 /INPUT 64 "wd1";
    .port_info 4 /OUTPUT 64 "rd1";
    .port_info 5 /INPUT 64 "a2";
    .port_info 6 /INPUT 1 "we2";
    .port_info 7 /INPUT 64 "wd2";
    .port_info 8 /OUTPUT 64 "rd2";
    .port_info 9 /INPUT 64 "a3";
    .port_info 10 /OUTPUT 64 "rd3";
L_0x19f66c0 .functor BUFZ 64, L_0x19f6620, C4<0000000000000000000000000000000000000000000000000000000000000000>, C4<0000000000000000000000000000000000000000000000000000000000000000>, C4<0000000000000000000000000000000000000000000000000000000000000000>;
L_0x19f6820 .functor BUFZ 64, L_0x19f6780, C4<0000000000000000000000000000000000000000000000000000000000000000>, C4<0000000000000000000000000000000000000000000000000000000000000000>, C4<0000000000000000000000000000000000000000000000000000000000000000>;
L_0x19f6a20 .functor BUFZ 64, L_0x19f6930, C4<0000000000000000000000000000000000000000000000000000000000000000>, C4<0000000000000000000000000000000000000000000000000000000000000000>, C4<0000000000000000000000000000000000000000000000000000000000000000>;
v0x19c13c0_0 .net *"_ivl_0", 63 0, L_0x19f6620;  1 drivers
v0x19c14c0_0 .net *"_ivl_4", 63 0, L_0x19f6780;  1 drivers
v0x19c15a0_0 .net *"_ivl_8", 63 0, L_0x19f6930;  1 drivers
v0x19c1660_0 .net "a1", 63 0, L_0x19f62f0;  alias, 1 drivers
v0x19c1720_0 .net "a2", 63 0, L_0x19f6b30;  1 drivers
v0x19c1830_0 .net "a3", 63 0, o0x7f9825cb5f68;  alias, 0 drivers
v0x19c1910_0 .net "clk", 0 0, v0x19c8080_0;  alias, 1 drivers
v0x19c19d0 .array "data", 0 1023, 63 0;
v0x19c1a90_0 .var/i "i", 31 0;
v0x19c1c00_0 .net "rd1", 63 0, L_0x19f66c0;  alias, 1 drivers
v0x19c1ce0_0 .net "rd2", 63 0, L_0x19f6820;  alias, 1 drivers
v0x19c1dc0_0 .net "rd3", 63 0, L_0x19f6a20;  alias, 1 drivers
v0x19c1ea0_0 .net "wd1", 63 0, L_0x19db1d0;  alias, 1 drivers
v0x19c1f60_0 .net "wd2", 63 0, v0x19c7f70_0;  alias, 1 drivers
v0x19c2020_0 .net "we1", 0 0, L_0x19da470;  alias, 1 drivers
v0x19c20f0_0 .net "we2", 0 0, L_0x19dc6c0;  1 drivers
E_0x19c1340 .event posedge, v0x19c1910_0;
L_0x19f6620 .array/port v0x19c19d0, L_0x19f62f0;
L_0x19f6780 .array/port v0x19c19d0, L_0x19f6b30;
L_0x19f6930 .array/port v0x19c19d0, o0x7f9825cb5f68;
S_0x19c2350 .scope module, "imem1" "imem" 6 45, 3 1 0, S_0x1992900;
 .timescale -9 -12;
    .port_info 0 /INPUT 64 "a";
    .port_info 1 /OUTPUT 64 "inst";
L_0x19d9ff0 .functor BUFZ 64, L_0x19da100, C4<0000000000000000000000000000000000000000000000000000000000000000>, C4<0000000000000000000000000000000000000000000000000000000000000000>, C4<0000000000000000000000000000000000000000000000000000000000000000>;
v0x19c2540_0 .net *"_ivl_0", 63 0, L_0x19da100;  1 drivers
v0x19c2640_0 .net "a", 63 0, v0x19c58e0_0;  alias, 1 drivers
v0x19c2730_0 .net "inst", 63 0, L_0x19d9ff0;  alias, 1 drivers
v0x19c2800 .array "instructions", 0 63, 63 0;
L_0x19da100 .array/port v0x19c2800, v0x19c58e0_0;
S_0x19c2920 .scope module, "pcNextMux" "mux2" 6 103, 4 51 0, S_0x1992900;
 .timescale -9 -12;
    .port_info 0 /INPUT 64 "A";
    .port_info 1 /INPUT 64 "B";
    .port_info 2 /INPUT 1 "ctrl";
    .port_info 3 /OUTPUT 64 "Y";
v0x19c2b30_0 .net "A", 63 0, L_0x19d9f50;  alias, 1 drivers
v0x19c2c10_0 .net "B", 63 0, L_0x19dc620;  alias, 1 drivers
v0x19c2d00_0 .net "Y", 63 0, L_0x19f6f30;  alias, 1 drivers
v0x19c2dd0_0 .net "ctrl", 0 0, L_0x19f6e80;  alias, 1 drivers
L_0x19f6f30 .functor MUXZ 64, L_0x19d9f50, L_0x19dc620, L_0x19f6e80, C4<>;
S_0x19c2f40 .scope module, "registerfile1" "registerfile" 6 61, 9 23 0, S_0x1992900;
 .timescale -9 -12;
    .port_info 0 /INPUT 1 "clk";
    .port_info 1 /INPUT 1 "WE3";
    .port_info 2 /INPUT 10 "a1";
    .port_info 3 /INPUT 10 "a2";
    .port_info 4 /INPUT 10 "a3";
    .port_info 5 /INPUT 64 "wd3";
    .port_info 6 /OUTPUT 64 "rd1";
    .port_info 7 /OUTPUT 64 "rd2";
L_0x19daf80 .functor BUFZ 64, L_0x19dad10, C4<0000000000000000000000000000000000000000000000000000000000000000>, C4<0000000000000000000000000000000000000000000000000000000000000000>, C4<0000000000000000000000000000000000000000000000000000000000000000>;
L_0x19db1d0 .functor BUFZ 64, L_0x19daff0, C4<0000000000000000000000000000000000000000000000000000000000000000>, C4<0000000000000000000000000000000000000000000000000000000000000000>, C4<0000000000000000000000000000000000000000000000000000000000000000>;
v0x19c3170_0 .net "WE3", 0 0, L_0x19da5a0;  alias, 1 drivers
v0x19c3230_0 .net *"_ivl_0", 63 0, L_0x19dad10;  1 drivers
v0x19c32f0_0 .net *"_ivl_10", 11 0, L_0x19db090;  1 drivers
L_0x7f9825c682a0 .functor BUFT 1, C4<00>, C4<0>, C4<0>, C4<0>;
v0x19c33e0_0 .net *"_ivl_13", 1 0, L_0x7f9825c682a0;  1 drivers
v0x19c34c0_0 .net *"_ivl_2", 11 0, L_0x19dadb0;  1 drivers
L_0x7f9825c68258 .functor BUFT 1, C4<00>, C4<0>, C4<0>, C4<0>;
v0x19c35f0_0 .net *"_ivl_5", 1 0, L_0x7f9825c68258;  1 drivers
v0x19c36d0_0 .net *"_ivl_8", 63 0, L_0x19daff0;  1 drivers
v0x19c37b0_0 .net "a1", 9 0, L_0x19daa90;  alias, 1 drivers
v0x19c3890_0 .net "a2", 9 0, L_0x19dab80;  alias, 1 drivers
v0x19c3a00_0 .net "a3", 9 0, L_0x19dac20;  alias, 1 drivers
v0x19c3ae0_0 .net "clk", 0 0, v0x19c8080_0;  alias, 1 drivers
v0x19c3b80 .array "data", 0 1023, 63 0;
v0x19c3c20_0 .var/i "i", 31 0;
v0x19c3d00_0 .net "rd1", 63 0, L_0x19daf80;  alias, 1 drivers
v0x19c3df0_0 .net "rd2", 63 0, L_0x19db1d0;  alias, 1 drivers
v0x19c3e90_0 .net "wd3", 63 0, L_0x19f6d70;  alias, 1 drivers
L_0x19dad10 .array/port v0x19c3b80, L_0x19dadb0;
L_0x19dadb0 .concat [ 10 2 0 0], L_0x19daa90, L_0x7f9825c68258;
L_0x19daff0 .array/port v0x19c3b80, L_0x19db090;
L_0x19db090 .concat [ 10 2 0 0], L_0x19dab80, L_0x7f9825c682a0;
S_0x19c40c0 .scope module, "wdsourcemux" "mux2" 6 97, 4 51 0, S_0x1992900;
 .timescale -9 -12;
    .port_info 0 /INPUT 64 "A";
    .port_info 1 /INPUT 64 "B";
    .port_info 2 /INPUT 1 "ctrl";
    .port_info 3 /OUTPUT 64 "Y";
v0x19c4350_0 .net "A", 63 0, L_0x19f62f0;  alias, 1 drivers
v0x19c4430_0 .net "B", 63 0, L_0x19f66c0;  alias, 1 drivers
v0x19c44f0_0 .net "Y", 63 0, L_0x19f6d70;  alias, 1 drivers
v0x19c45f0_0 .net "ctrl", 0 0, L_0x19da720;  alias, 1 drivers
L_0x19f6d70 .functor MUXZ 64, L_0x19f62f0, L_0x19f66c0, L_0x19da720, C4<>;
    .scope S_0x18ceeb0;
T_0 ;
    %wait E_0x18e8740;
    %load/vec4 v0x19ac260_0;
    %ix/getv 3, v0x19ac000_0;
    %ix/load 4, 0, 0; Constant delay
    %assign/vec4/a/d v0x19ac1a0, 0, 4;
    %jmp T_0;
    .thread T_0;
    .scope S_0x19297f0;
T_1 ;
    %wait E_0x18ea9a0;
    %load/vec4 v0x19acd40_0;
    %dup/vec4;
    %pushi/vec4 0, 0, 3;
    %cmp/u;
    %jmp/1 T_1.0, 6;
    %dup/vec4;
    %pushi/vec4 1, 0, 3;
    %cmp/u;
    %jmp/1 T_1.1, 6;
    %dup/vec4;
    %pushi/vec4 2, 0, 3;
    %cmp/u;
    %jmp/1 T_1.2, 6;
    %dup/vec4;
    %pushi/vec4 3, 0, 3;
    %cmp/u;
    %jmp/1 T_1.3, 6;
    %dup/vec4;
    %pushi/vec4 4, 0, 3;
    %cmp/u;
    %jmp/1 T_1.4, 6;
    %dup/vec4;
    %pushi/vec4 5, 0, 3;
    %cmp/u;
    %jmp/1 T_1.5, 6;
    %dup/vec4;
    %pushi/vec4 6, 0, 3;
    %cmp/u;
    %jmp/1 T_1.6, 6;
    %dup/vec4;
    %pushi/vec4 7, 0, 3;
    %cmp/u;
    %jmp/1 T_1.7, 6;
    %jmp T_1.8;
T_1.0 ;
    %load/vec4 v0x19ac510_0;
    %assign/vec4 v0x19acc60_0, 0;
    %jmp T_1.8;
T_1.1 ;
    %load/vec4 v0x19ac610_0;
    %assign/vec4 v0x19acc60_0, 0;
    %jmp T_1.8;
T_1.2 ;
    %load/vec4 v0x19ac6f0_0;
    %assign/vec4 v0x19acc60_0, 0;
    %jmp T_1.8;
T_1.3 ;
    %load/vec4 v0x19ac7b0_0;
    %assign/vec4 v0x19acc60_0, 0;
    %jmp T_1.8;
T_1.4 ;
    %load/vec4 v0x19ac890_0;
    %assign/vec4 v0x19acc60_0, 0;
    %jmp T_1.8;
T_1.5 ;
    %load/vec4 v0x19ac9c0_0;
    %assign/vec4 v0x19acc60_0, 0;
    %jmp T_1.8;
T_1.6 ;
    %load/vec4 v0x19acaa0_0;
    %assign/vec4 v0x19acc60_0, 0;
    %jmp T_1.8;
T_1.7 ;
    %load/vec4 v0x19acb80_0;
    %assign/vec4 v0x19acc60_0, 0;
    %jmp T_1.8;
T_1.8 ;
    %pop/vec4 1;
    %jmp T_1;
    .thread T_1, $push;
    .scope S_0x19c2350;
T_2 ;
    %vpi_call 3 11 "$readmemb", "bin.mem", v0x19c2800 {0 0 0};
    %end;
    .thread T_2;
    .scope S_0x19c0480;
T_3 ;
    %pushi/vec4 0, 0, 16;
    %store/vec4 v0x19c0e60_0, 0, 16;
    %end;
    .thread T_3;
    .scope S_0x19c0480;
T_4 ;
    %wait E_0x19978f0;
    %load/vec4 v0x19c0f40_0;
    %dup/vec4;
    %pushi/vec4 0, 0, 12;
    %cmp/u;
    %jmp/1 T_4.0, 6;
    %dup/vec4;
    %pushi/vec4 1, 0, 12;
    %cmp/u;
    %jmp/1 T_4.1, 6;
    %dup/vec4;
    %pushi/vec4 2, 0, 12;
    %cmp/u;
    %jmp/1 T_4.2, 6;
    %dup/vec4;
    %pushi/vec4 3, 0, 12;
    %cmp/u;
    %jmp/1 T_4.3, 6;
    %dup/vec4;
    %pushi/vec4 4, 0, 12;
    %cmp/u;
    %jmp/1 T_4.4, 6;
    %dup/vec4;
    %pushi/vec4 5, 0, 12;
    %cmp/u;
    %jmp/1 T_4.5, 6;
    %dup/vec4;
    %pushi/vec4 6, 0, 12;
    %cmp/u;
    %jmp/1 T_4.6, 6;
    %dup/vec4;
    %pushi/vec4 7, 0, 12;
    %cmp/u;
    %jmp/1 T_4.7, 6;
    %dup/vec4;
    %pushi/vec4 8, 0, 12;
    %cmp/u;
    %jmp/1 T_4.8, 6;
    %dup/vec4;
    %pushi/vec4 9, 0, 12;
    %cmp/u;
    %jmp/1 T_4.9, 6;
    %dup/vec4;
    %pushi/vec4 10, 0, 12;
    %cmp/u;
    %jmp/1 T_4.10, 6;
    %dup/vec4;
    %pushi/vec4 11, 0, 12;
    %cmp/u;
    %jmp/1 T_4.11, 6;
    %dup/vec4;
    %pushi/vec4 12, 0, 12;
    %cmp/u;
    %jmp/1 T_4.12, 6;
    %dup/vec4;
    %pushi/vec4 256, 0, 12;
    %cmp/u;
    %jmp/1 T_4.13, 6;
    %dup/vec4;
    %pushi/vec4 257, 0, 12;
    %cmp/u;
    %jmp/1 T_4.14, 6;
    %dup/vec4;
    %pushi/vec4 258, 0, 12;
    %cmp/u;
    %jmp/1 T_4.15, 6;
    %dup/vec4;
    %pushi/vec4 259, 0, 12;
    %cmp/u;
    %jmp/1 T_4.16, 6;
    %dup/vec4;
    %pushi/vec4 260, 0, 12;
    %cmp/u;
    %jmp/1 T_4.17, 6;
    %dup/vec4;
    %pushi/vec4 261, 0, 12;
    %cmp/u;
    %jmp/1 T_4.18, 6;
    %dup/vec4;
    %pushi/vec4 262, 0, 12;
    %cmp/u;
    %jmp/1 T_4.19, 6;
    %dup/vec4;
    %pushi/vec4 263, 0, 12;
    %cmp/u;
    %jmp/1 T_4.20, 6;
    %dup/vec4;
    %pushi/vec4 264, 0, 12;
    %cmp/u;
    %jmp/1 T_4.21, 6;
    %dup/vec4;
    %pushi/vec4 265, 0, 12;
    %cmp/u;
    %jmp/1 T_4.22, 6;
    %dup/vec4;
    %pushi/vec4 266, 0, 12;
    %cmp/u;
    %jmp/1 T_4.23, 6;
    %dup/vec4;
    %pushi/vec4 267, 0, 12;
    %cmp/u;
    %jmp/1 T_4.24, 6;
    %dup/vec4;
    %pushi/vec4 268, 0, 12;
    %cmp/u;
    %jmp/1 T_4.25, 6;
    %dup/vec4;
    %pushi/vec4 512, 0, 12;
    %cmp/u;
    %jmp/1 T_4.26, 6;
    %dup/vec4;
    %pushi/vec4 513, 0, 12;
    %cmp/u;
    %jmp/1 T_4.27, 6;
    %dup/vec4;
    %pushi/vec4 768, 0, 12;
    %cmp/u;
    %jmp/1 T_4.28, 6;
    %dup/vec4;
    %pushi/vec4 1056, 0, 12;
    %cmp/u;
    %jmp/1 T_4.29, 6;
    %dup/vec4;
    %pushi/vec4 1057, 0, 12;
    %cmp/u;
    %jmp/1 T_4.30, 6;
    %dup/vec4;
    %pushi/vec4 1058, 0, 12;
    %cmp/u;
    %jmp/1 T_4.31, 6;
    %dup/vec4;
    %pushi/vec4 1059, 0, 12;
    %cmp/u;
    %jmp/1 T_4.32, 6;
    %jmp T_4.33;
T_4.0 ;
    %pushi/vec4 2054, 0, 16;
    %assign/vec4 v0x19c0e60_0, 0;
    %jmp T_4.33;
T_4.1 ;
    %pushi/vec4 2086, 0, 16;
    %assign/vec4 v0x19c0e60_0, 0;
    %jmp T_4.33;
T_4.2 ;
    %pushi/vec4 2064, 0, 16;
    %assign/vec4 v0x19c0e60_0, 0;
    %jmp T_4.33;
T_4.3 ;
    %pushi/vec4 2048, 0, 16;
    %assign/vec4 v0x19c0e60_0, 0;
    %jmp T_4.33;
T_4.4 ;
    %pushi/vec4 2050, 0, 16;
    %assign/vec4 v0x19c0e60_0, 0;
    %jmp T_4.33;
T_4.5 ;
    %pushi/vec4 2052, 0, 16;
    %assign/vec4 v0x19c0e60_0, 0;
    %jmp T_4.33;
T_4.6 ;
    %pushi/vec4 2056, 0, 16;
    %assign/vec4 v0x19c0e60_0, 0;
    %jmp T_4.33;
T_4.7 ;
    %pushi/vec4 2058, 0, 16;
    %assign/vec4 v0x19c0e60_0, 0;
    %jmp T_4.33;
T_4.8 ;
    %pushi/vec4 2060, 0, 16;
    %assign/vec4 v0x19c0e60_0, 0;
    %jmp T_4.33;
T_4.9 ;
    %pushi/vec4 2062, 0, 16;
    %assign/vec4 v0x19c0e60_0, 0;
    %jmp T_4.33;
T_4.10 ;
    %pushi/vec4 2066, 0, 16;
    %assign/vec4 v0x19c0e60_0, 0;
    %jmp T_4.33;
T_4.11 ;
    %pushi/vec4 2068, 0, 16;
    %assign/vec4 v0x19c0e60_0, 0;
    %jmp T_4.33;
T_4.12 ;
    %pushi/vec4 2070, 0, 16;
    %assign/vec4 v0x19c0e60_0, 0;
    %jmp T_4.33;
T_4.13 ;
    %pushi/vec4 2566, 0, 16;
    %assign/vec4 v0x19c0e60_0, 0;
    %jmp T_4.33;
T_4.14 ;
    %pushi/vec4 2598, 0, 16;
    %assign/vec4 v0x19c0e60_0, 0;
    %jmp T_4.33;
T_4.15 ;
    %pushi/vec4 2576, 0, 16;
    %assign/vec4 v0x19c0e60_0, 0;
    %jmp T_4.33;
T_4.16 ;
    %pushi/vec4 2560, 0, 16;
    %assign/vec4 v0x19c0e60_0, 0;
    %jmp T_4.33;
T_4.17 ;
    %pushi/vec4 2562, 0, 16;
    %assign/vec4 v0x19c0e60_0, 0;
    %jmp T_4.33;
T_4.18 ;
    %pushi/vec4 2564, 0, 16;
    %assign/vec4 v0x19c0e60_0, 0;
    %jmp T_4.33;
T_4.19 ;
    %pushi/vec4 2568, 0, 16;
    %assign/vec4 v0x19c0e60_0, 0;
    %jmp T_4.33;
T_4.20 ;
    %pushi/vec4 2570, 0, 16;
    %assign/vec4 v0x19c0e60_0, 0;
    %jmp T_4.33;
T_4.21 ;
    %pushi/vec4 2572, 0, 16;
    %assign/vec4 v0x19c0e60_0, 0;
    %jmp T_4.33;
T_4.22 ;
    %pushi/vec4 2574, 0, 16;
    %assign/vec4 v0x19c0e60_0, 0;
    %jmp T_4.33;
T_4.23 ;
    %pushi/vec4 2578, 0, 16;
    %assign/vec4 v0x19c0e60_0, 0;
    %jmp T_4.33;
T_4.24 ;
    %pushi/vec4 2580, 0, 16;
    %assign/vec4 v0x19c0e60_0, 0;
    %jmp T_4.33;
T_4.25 ;
    %pushi/vec4 2582, 0, 16;
    %assign/vec4 v0x19c0e60_0, 0;
    %jmp T_4.33;
T_4.26 ;
    %pushi/vec4 1542, 0, 16;
    %assign/vec4 v0x19c0e60_0, 0;
    %jmp T_4.33;
T_4.27 ;
    %pushi/vec4 32774, 0, 16;
    %assign/vec4 v0x19c0e60_0, 0;
    %jmp T_4.33;
T_4.28 ;
    %pushi/vec4 27142, 0, 16;
    %assign/vec4 v0x19c0e60_0, 0;
    %jmp T_4.33;
T_4.29 ;
    %pushi/vec4 20480, 0, 16;
    %assign/vec4 v0x19c0e60_0, 0;
    %jmp T_4.33;
T_4.30 ;
    %pushi/vec4 20492, 0, 16;
    %assign/vec4 v0x19c0e60_0, 0;
    %jmp T_4.33;
T_4.31 ;
    %pushi/vec4 20488, 0, 16;
    %assign/vec4 v0x19c0e60_0, 0;
    %jmp T_4.33;
T_4.32 ;
    %pushi/vec4 20490, 0, 16;
    %assign/vec4 v0x19c0e60_0, 0;
    %jmp T_4.33;
T_4.33 ;
    %pop/vec4 1;
    %jmp T_4;
    .thread T_4, $push;
    .scope S_0x19c2f40;
T_5 ;
    %pushi/vec4 0, 0, 32;
    %store/vec4 v0x19c3c20_0, 0, 32;
T_5.0 ;
    %load/vec4 v0x19c3c20_0;
    %cmpi/s 1024, 0, 32;
    %jmp/0xz T_5.1, 5;
    %pushi/vec4 0, 0, 64;
    %ix/getv/s 3, v0x19c3c20_0;
    %ix/load 4, 0, 0; Constant delay
    %assign/vec4/a/d v0x19c3b80, 0, 4;
    %load/vec4 v0x19c3c20_0;
    %addi 1, 0, 32;
    %store/vec4 v0x19c3c20_0, 0, 32;
    %jmp T_5.0;
T_5.1 ;
    %end;
    .thread T_5;
    .scope S_0x19c2f40;
T_6 ;
    %wait E_0x19c1340;
    %load/vec4 v0x19c3170_0;
    %flag_set/vec4 9;
    %flag_get/vec4 9;
    %jmp/0 T_6.2, 9;
    %load/vec4 v0x19c3a00_0;
    %pushi/vec4 0, 0, 10;
    %cmp/ne;
    %flag_get/vec4 4;
    %and;
T_6.2;
    %flag_set/vec4 8;
    %jmp/0xz  T_6.0, 8;
    %load/vec4 v0x19c3e90_0;
    %load/vec4 v0x19c3a00_0;
    %pad/u 12;
    %ix/vec4 3;
    %ix/load 4, 0, 0; Constant delay
    %assign/vec4/a/d v0x19c3b80, 0, 4;
T_6.0 ;
    %jmp T_6;
    .thread T_6;
    .scope S_0x1933790;
T_7 ;
    %wait E_0x18e8df0;
    %load/vec4 v0x19c0050_0;
    %parti/s 4, 1, 2;
    %dup/vec4;
    %pushi/vec4 0, 0, 4;
    %cmp/u;
    %jmp/1 T_7.0, 6;
    %dup/vec4;
    %pushi/vec4 1, 0, 4;
    %cmp/u;
    %jmp/1 T_7.1, 6;
    %dup/vec4;
    %pushi/vec4 2, 0, 4;
    %cmp/u;
    %jmp/1 T_7.2, 6;
    %dup/vec4;
    %pushi/vec4 3, 0, 4;
    %cmp/u;
    %jmp/1 T_7.3, 6;
    %dup/vec4;
    %pushi/vec4 4, 0, 4;
    %cmp/u;
    %jmp/1 T_7.4, 6;
    %dup/vec4;
    %pushi/vec4 5, 0, 4;
    %cmp/u;
    %jmp/1 T_7.5, 6;
    %dup/vec4;
    %pushi/vec4 6, 0, 4;
    %cmp/u;
    %jmp/1 T_7.6, 6;
    %dup/vec4;
    %pushi/vec4 7, 0, 4;
    %cmp/u;
    %jmp/1 T_7.7, 6;
    %dup/vec4;
    %pushi/vec4 8, 0, 4;
    %cmp/u;
    %jmp/1 T_7.8, 6;
    %dup/vec4;
    %pushi/vec4 9, 0, 4;
    %cmp/u;
    %jmp/1 T_7.9, 6;
    %dup/vec4;
    %pushi/vec4 10, 0, 4;
    %cmp/u;
    %jmp/1 T_7.10, 6;
    %dup/vec4;
    %pushi/vec4 11, 0, 4;
    %cmp/u;
    %jmp/1 T_7.11, 6;
    %dup/vec4;
    %pushi/vec4 12, 0, 4;
    %cmp/u;
    %jmp/1 T_7.12, 6;
    %dup/vec4;
    %pushi/vec4 13, 0, 4;
    %cmp/u;
    %jmp/1 T_7.13, 6;
    %dup/vec4;
    %pushi/vec4 14, 0, 4;
    %cmp/u;
    %jmp/1 T_7.14, 6;
    %dup/vec4;
    %pushi/vec4 15, 0, 4;
    %cmp/u;
    %jmp/1 T_7.15, 6;
    %jmp T_7.16;
T_7.0 ;
    %load/vec4 v0x19b5410_0;
    %assign/vec4 v0x19bfc10_0, 0;
    %jmp T_7.16;
T_7.1 ;
    %load/vec4 v0x19bf630_0;
    %assign/vec4 v0x19bfc10_0, 0;
    %jmp T_7.16;
T_7.2 ;
    %load/vec4 v0x19bfb30_0;
    %assign/vec4 v0x19bfc10_0, 0;
    %jmp T_7.16;
T_7.3 ;
    %load/vec4 v0x19bfa50_0;
    %assign/vec4 v0x19bfc10_0, 0;
    %jmp T_7.16;
T_7.4 ;
    %pushi/vec4 0, 0, 64;
    %load/vec4 v0x19bf970_0;
    %or;
    %assign/vec4 v0x19bfc10_0, 0;
    %jmp T_7.16;
T_7.5 ;
    %pushi/vec4 0, 0, 64;
    %load/vec4 v0x19bf8b0_0;
    %or;
    %assign/vec4 v0x19bfc10_0, 0;
    %jmp T_7.16;
T_7.6 ;
    %pushi/vec4 0, 0, 64;
    %load/vec4 v0x19bf7f0_0;
    %or;
    %assign/vec4 v0x19bfc10_0, 0;
    %jmp T_7.16;
T_7.7 ;
    %load/vec4 v0x19b54f0_0;
    %parti/s 1, 64, 8;
    %pad/u 64;
    %assign/vec4 v0x19bfc10_0, 0;
    %jmp T_7.16;
T_7.8 ;
    %load/vec4 v0x19bf470_0;
    %assign/vec4 v0x19bfc10_0, 0;
    %jmp T_7.16;
T_7.9 ;
    %load/vec4 v0x19bf550_0;
    %parti/s 64, 64, 8;
    %assign/vec4 v0x19bfc10_0, 0;
    %jmp T_7.16;
T_7.10 ;
    %load/vec4 v0x19bf390_0;
    %assign/vec4 v0x19bfc10_0, 0;
    %jmp T_7.16;
T_7.11 ;
    %load/vec4 v0x19bf710_0;
    %assign/vec4 v0x19bfc10_0, 0;
    %jmp T_7.16;
T_7.12 ;
    %pushi/vec4 0, 0, 64;
    %assign/vec4 v0x19bfc10_0, 0;
    %jmp T_7.16;
T_7.13 ;
    %pushi/vec4 0, 0, 64;
    %assign/vec4 v0x19bfc10_0, 0;
    %jmp T_7.16;
T_7.14 ;
    %pushi/vec4 0, 0, 64;
    %assign/vec4 v0x19bfc10_0, 0;
    %jmp T_7.16;
T_7.15 ;
    %pushi/vec4 0, 0, 64;
    %assign/vec4 v0x19bfc10_0, 0;
    %jmp T_7.16;
T_7.16 ;
    %pop/vec4 1;
    %jmp T_7;
    .thread T_7, $push;
    .scope S_0x19c1160;
T_8 ;
    %pushi/vec4 0, 0, 32;
    %store/vec4 v0x19c1a90_0, 0, 32;
T_8.0 ;
    %load/vec4 v0x19c1a90_0;
    %cmpi/s 1024, 0, 32;
    %jmp/0xz T_8.1, 5;
    %pushi/vec4 0, 0, 64;
    %ix/getv/s 3, v0x19c1a90_0;
    %ix/load 4, 0, 0; Constant delay
    %assign/vec4/a/d v0x19c19d0, 0, 4;
    %load/vec4 v0x19c1a90_0;
    %addi 1, 0, 32;
    %store/vec4 v0x19c1a90_0, 0, 32;
    %jmp T_8.0;
T_8.1 ;
    %end;
    .thread T_8;
    .scope S_0x19c1160;
T_9 ;
    %wait E_0x19c1340;
    %load/vec4 v0x19c2020_0;
    %flag_set/vec4 8;
    %jmp/0xz  T_9.0, 8;
    %load/vec4 v0x19c1ea0_0;
    %ix/getv 3, v0x19c1660_0;
    %ix/load 4, 0, 0; Constant delay
    %assign/vec4/a/d v0x19c19d0, 0, 4;
T_9.0 ;
    %load/vec4 v0x19c20f0_0;
    %flag_set/vec4 8;
    %jmp/0xz  T_9.2, 8;
    %load/vec4 v0x19c1f60_0;
    %ix/getv 3, v0x19c1720_0;
    %ix/load 4, 0, 0; Constant delay
    %assign/vec4/a/d v0x19c19d0, 0, 4;
T_9.2 ;
    %jmp T_9;
    .thread T_9;
    .scope S_0x1992900;
T_10 ;
    %wait E_0x19c1340;
    %load/vec4 v0x19c5a90_0;
    %store/vec4 v0x19c58e0_0, 0, 64;
    %jmp T_10;
    .thread T_10;
    .scope S_0x1992900;
T_11 ;
    %wait E_0x18e8ba0;
    %pushi/vec4 0, 0, 64;
    %store/vec4 v0x19c58e0_0, 0, 64;
    %jmp T_11;
    .thread T_11;
    .scope S_0x198b810;
T_12 ;
    %pushi/vec4 0, 0, 64;
    %store/vec4 v0x19c8140_0, 0, 64;
    %end;
    .thread T_12;
    .scope S_0x198b810;
T_13 ;
    %vpi_call 5 13 "$readmemh", "keystrokes.mem", v0x19c81e0 {0 0 0};
    %pushi/vec4 1, 0, 1;
    %store/vec4 v0x19c82a0_0, 0, 1;
    %delay 2285707264, 11641;
    %pushi/vec4 0, 0, 1;
    %store/vec4 v0x19c82a0_0, 0, 1;
    %delay 2285707264, 11641;
    %end;
    .thread T_13;
    .scope S_0x198b810;
T_14 ;
    %load/vec4 v0x19c8140_0;
    %pushi/vec4 10, 0, 64;
    %div;
    %ix/vec4 4;
    %load/vec4a v0x19c81e0, 4;
    %assign/vec4 v0x19c7f70_0, 0;
    %pushi/vec4 0, 0, 1;
    %store/vec4 v0x19c8080_0, 0, 1;
    %delay 2285707264, 11641;
    %pushi/vec4 1, 0, 1;
    %store/vec4 v0x19c8080_0, 0, 1;
    %delay 2285707264, 11641;
    %load/vec4 v0x19c8140_0;
    %addi 1, 0, 64;
    %store/vec4 v0x19c8140_0, 0, 64;
    %jmp T_14;
    .thread T_14;
# The file index is used to find the file name in the following table.
:file_names 10;
    "N/A";
    "<interactive>";
    "alu.v";
    "imem.sv";
    "mux.v";
    "testMain.sv";
    "main.v";
    "control.v";
    "dmem.v";
    "registerfile.v";
